[2019-12-21 14:26:42] local.ERROR: InvalidArgumentException: Database (C:\LumenCatalogueApi\database\database.sqlite) does not exist. in C:\LumenCatalogueApi\vendor\illuminate\database\Connectors\SQLiteConnector.php:34
Stack trace:
#0 C:\LumenCatalogueApi\vendor\illuminate\database\Connectors\ConnectionFactory.php(218): Illuminate\Database\Connectors\SQLiteConnector->connect(Array)
#1 [internal function]: Illuminate\Database\Connectors\ConnectionFactory->Illuminate\Database\Connectors\{closure}()
#2 C:\LumenCatalogueApi\vendor\illuminate\database\Connection.php(918): call_user_func(Object(Closure))
#3 C:\LumenCatalogueApi\vendor\illuminate\database\Connection.php(399): Illuminate\Database\Connection->getPdo()
#4 C:\LumenCatalogueApi\vendor\illuminate\database\Connection.php(325): Illuminate\Database\Connection->getPdoForSelect(false)
#5 C:\LumenCatalogueApi\vendor\illuminate\database\Connection.php(657): Illuminate\Database\Connection->Illuminate\Database\{closure}('select * from s...', Array)
#6 C:\LumenCatalogueApi\vendor\illuminate\database\Connection.php(624): Illuminate\Database\Connection->runQueryCallback('select * from s...', Array, Object(Closure))
#7 C:\LumenCatalogueApi\vendor\illuminate\database\Connection.php(333): Illuminate\Database\Connection->run('select * from s...', Array, Object(Closure))
#8 C:\LumenCatalogueApi\vendor\illuminate\database\Connection.php(304): Illuminate\Database\Connection->select('select * from s...', Array, false)
#9 C:\LumenCatalogueApi\vendor\illuminate\database\Schema\Builder.php(73): Illuminate\Database\Connection->selectFromWriteConnection('select * from s...', Array)
#10 C:\LumenCatalogueApi\vendor\illuminate\database\Migrations\DatabaseMigrationRepository.php(169): Illuminate\Database\Schema\Builder->hasTable('migrations')
#11 C:\LumenCatalogueApi\vendor\illuminate\database\Migrations\Migrator.php(556): Illuminate\Database\Migrations\DatabaseMigrationRepository->repositoryExists()
#12 C:\LumenCatalogueApi\vendor\illuminate\database\Console\Migrations\MigrateCommand.php(91): Illuminate\Database\Migrations\Migrator->repositoryExists()
#13 C:\LumenCatalogueApi\vendor\illuminate\database\Console\Migrations\MigrateCommand.php(63): Illuminate\Database\Console\Migrations\MigrateCommand->prepareDatabase()
#14 [internal function]: Illuminate\Database\Console\Migrations\MigrateCommand->handle()
#15 C:\LumenCatalogueApi\vendor\illuminate\container\BoundMethod.php(29): call_user_func_array(Array, Array)
#16 C:\LumenCatalogueApi\vendor\illuminate\container\BoundMethod.php(87): Illuminate\Container\BoundMethod::Illuminate\Container\{closure}()
#17 C:\LumenCatalogueApi\vendor\illuminate\container\BoundMethod.php(31): Illuminate\Container\BoundMethod::callBoundMethod(Object(Laravel\Lumen\Application), Array, Object(Closure))
#18 C:\LumenCatalogueApi\vendor\illuminate\container\Container.php(572): Illuminate\Container\BoundMethod::call(Object(Laravel\Lumen\Application), Array, Array, NULL)
#19 C:\LumenCatalogueApi\vendor\illuminate\console\Command.php(183): Illuminate\Container\Container->call(Array)
#20 C:\LumenCatalogueApi\vendor\symfony\console\Command\Command.php(255): Illuminate\Console\Command->execute(Object(Symfony\Component\Console\Input\ArgvInput), Object(Illuminate\Console\OutputStyle))
#21 C:\LumenCatalogueApi\vendor\illuminate\console\Command.php(170): Symfony\Component\Console\Command\Command->run(Object(Symfony\Component\Console\Input\ArgvInput), Object(Illuminate\Console\OutputStyle))
#22 C:\LumenCatalogueApi\vendor\symfony\console\Application.php(1011): Illuminate\Console\Command->run(Object(Symfony\Component\Console\Input\ArgvInput), Object(Symfony\Component\Console\Output\ConsoleOutput))
#23 C:\LumenCatalogueApi\vendor\symfony\console\Application.php(272): Symfony\Component\Console\Application->doRunCommand(Object(Illuminate\Database\Console\Migrations\MigrateCommand), Object(Symfony\Component\Console\Input\ArgvInput), Object(Symfony\Component\Console\Output\ConsoleOutput))
#24 C:\LumenCatalogueApi\vendor\symfony\console\Application.php(148): Symfony\Component\Console\Application->doRun(Object(Symfony\Component\Console\Input\ArgvInput), Object(Symfony\Component\Console\Output\ConsoleOutput))
#25 C:\LumenCatalogueApi\vendor\illuminate\console\Application.php(89): Symfony\Component\Console\Application->run(Object(Symfony\Component\Console\Input\ArgvInput), Object(Symfony\Component\Console\Output\ConsoleOutput))
#26 C:\LumenCatalogueApi\vendor\laravel\lumen-framework\src\Console\Kernel.php(115): Illuminate\Console\Application->run(Object(Symfony\Component\Console\Input\ArgvInput), Object(Symfony\Component\Console\Output\ConsoleOutput))
#27 C:\LumenCatalogueApi\artisan(35): Laravel\Lumen\Console\Kernel->handle(Object(Symfony\Component\Console\Input\ArgvInput), Object(Symfony\Component\Console\Output\ConsoleOutput))
#28 {main}

Next Illuminate\Database\QueryException: Database (C:\LumenCatalogueApi\database\database.sqlite) does not exist. (SQL: select * from sqlite_master where type = 'table' and name = migrations) in C:\LumenCatalogueApi\vendor\illuminate\database\Connection.php:664
Stack trace:
#0 C:\LumenCatalogueApi\vendor\illuminate\database\Connection.php(624): Illuminate\Database\Connection->runQueryCallback('select * from s...', Array, Object(Closure))
#1 C:\LumenCatalogueApi\vendor\illuminate\database\Connection.php(333): Illuminate\Database\Connection->run('select * from s...', Array, Object(Closure))
#2 C:\LumenCatalogueApi\vendor\illuminate\database\Connection.php(304): Illuminate\Database\Connection->select('select * from s...', Array, false)
#3 C:\LumenCatalogueApi\vendor\illuminate\database\Schema\Builder.php(73): Illuminate\Database\Connection->selectFromWriteConnection('select * from s...', Array)
#4 C:\LumenCatalogueApi\vendor\illuminate\database\Migrations\DatabaseMigrationRepository.php(169): Illuminate\Database\Schema\Builder->hasTable('migrations')
#5 C:\LumenCatalogueApi\vendor\illuminate\database\Migrations\Migrator.php(556): Illuminate\Database\Migrations\DatabaseMigrationRepository->repositoryExists()
#6 C:\LumenCatalogueApi\vendor\illuminate\database\Console\Migrations\MigrateCommand.php(91): Illuminate\Database\Migrations\Migrator->repositoryExists()
#7 C:\LumenCatalogueApi\vendor\illuminate\database\Console\Migrations\MigrateCommand.php(63): Illuminate\Database\Console\Migrations\MigrateCommand->prepareDatabase()
#8 [internal function]: Illuminate\Database\Console\Migrations\MigrateCommand->handle()
#9 C:\LumenCatalogueApi\vendor\illuminate\container\BoundMethod.php(29): call_user_func_array(Array, Array)
#10 C:\LumenCatalogueApi\vendor\illuminate\container\BoundMethod.php(87): Illuminate\Container\BoundMethod::Illuminate\Container\{closure}()
#11 C:\LumenCatalogueApi\vendor\illuminate\container\BoundMethod.php(31): Illuminate\Container\BoundMethod::callBoundMethod(Object(Laravel\Lumen\Application), Array, Object(Closure))
#12 C:\LumenCatalogueApi\vendor\illuminate\container\Container.php(572): Illuminate\Container\BoundMethod::call(Object(Laravel\Lumen\Application), Array, Array, NULL)
#13 C:\LumenCatalogueApi\vendor\illuminate\console\Command.php(183): Illuminate\Container\Container->call(Array)
#14 C:\LumenCatalogueApi\vendor\symfony\console\Command\Command.php(255): Illuminate\Console\Command->execute(Object(Symfony\Component\Console\Input\ArgvInput), Object(Illuminate\Console\OutputStyle))
#15 C:\LumenCatalogueApi\vendor\illuminate\console\Command.php(170): Symfony\Component\Console\Command\Command->run(Object(Symfony\Component\Console\Input\ArgvInput), Object(Illuminate\Console\OutputStyle))
#16 C:\LumenCatalogueApi\vendor\symfony\console\Application.php(1011): Illuminate\Console\Command->run(Object(Symfony\Component\Console\Input\ArgvInput), Object(Symfony\Component\Console\Output\ConsoleOutput))
#17 C:\LumenCatalogueApi\vendor\symfony\console\Application.php(272): Symfony\Component\Console\Application->doRunCommand(Object(Illuminate\Database\Console\Migrations\MigrateCommand), Object(Symfony\Component\Console\Input\ArgvInput), Object(Symfony\Component\Console\Output\ConsoleOutput))
#18 C:\LumenCatalogueApi\vendor\symfony\console\Application.php(148): Symfony\Component\Console\Application->doRun(Object(Symfony\Component\Console\Input\ArgvInput), Object(Symfony\Component\Console\Output\ConsoleOutput))
#19 C:\LumenCatalogueApi\vendor\illuminate\console\Application.php(89): Symfony\Component\Console\Application->run(Object(Symfony\Component\Console\Input\ArgvInput), Object(Symfony\Component\Console\Output\ConsoleOutput))
#20 C:\LumenCatalogueApi\vendor\laravel\lumen-framework\src\Console\Kernel.php(115): Illuminate\Console\Application->run(Object(Symfony\Component\Console\Input\ArgvInput), Object(Symfony\Component\Console\Output\ConsoleOutput))
#21 C:\LumenCatalogueApi\artisan(35): Laravel\Lumen\Console\Kernel->handle(Object(Symfony\Component\Console\Input\ArgvInput), Object(Symfony\Component\Console\Output\ConsoleOutput))
#22 {main} {"exception":"[object] (Illuminate\\Database\\QueryException(code: 0): Database (C:\\LumenCatalogueApi\\database\\database.sqlite) does not exist. (SQL: select * from sqlite_master where type = 'table' and name = migrations) at C:\\LumenCatalogueApi\\vendor\\illuminate\\database\\Connection.php:664, InvalidArgumentException(code: 0): Database (C:\\LumenCatalogueApi\\database\\database.sqlite) does not exist. at C:\\LumenCatalogueApi\\vendor\\illuminate\\database\\Connectors\\SQLiteConnector.php:34)
[stacktrace]
#0 C:\\LumenCatalogueApi\\vendor\\illuminate\\database\\Connection.php(624): Illuminate\\Database\\Connection->runQueryCallback('select * from s...', Array, Object(Closure))
#1 C:\\LumenCatalogueApi\\vendor\\illuminate\\database\\Connection.php(333): Illuminate\\Database\\Connection->run('select * from s...', Array, Object(Closure))
#2 C:\\LumenCatalogueApi\\vendor\\illuminate\\database\\Connection.php(304): Illuminate\\Database\\Connection->select('select * from s...', Array, false)
#3 C:\\LumenCatalogueApi\\vendor\\illuminate\\database\\Schema\\Builder.php(73): Illuminate\\Database\\Connection->selectFromWriteConnection('select * from s...', Array)
#4 C:\\LumenCatalogueApi\\vendor\\illuminate\\database\\Migrations\\DatabaseMigrationRepository.php(169): Illuminate\\Database\\Schema\\Builder->hasTable('migrations')
#5 C:\\LumenCatalogueApi\\vendor\\illuminate\\database\\Migrations\\Migrator.php(556): Illuminate\\Database\\Migrations\\DatabaseMigrationRepository->repositoryExists()
#6 C:\\LumenCatalogueApi\\vendor\\illuminate\\database\\Console\\Migrations\\MigrateCommand.php(91): Illuminate\\Database\\Migrations\\Migrator->repositoryExists()
#7 C:\\LumenCatalogueApi\\vendor\\illuminate\\database\\Console\\Migrations\\MigrateCommand.php(63): Illuminate\\Database\\Console\\Migrations\\MigrateCommand->prepareDatabase()
#8 [internal function]: Illuminate\\Database\\Console\\Migrations\\MigrateCommand->handle()
#9 C:\\LumenCatalogueApi\\vendor\\illuminate\\container\\BoundMethod.php(29): call_user_func_array(Array, Array)
#10 C:\\LumenCatalogueApi\\vendor\\illuminate\\container\\BoundMethod.php(87): Illuminate\\Container\\BoundMethod::Illuminate\\Container\\{closure}()
#11 C:\\LumenCatalogueApi\\vendor\\illuminate\\container\\BoundMethod.php(31): Illuminate\\Container\\BoundMethod::callBoundMethod(Object(Laravel\\Lumen\\Application), Array, Object(Closure))
#12 C:\\LumenCatalogueApi\\vendor\\illuminate\\container\\Container.php(572): Illuminate\\Container\\BoundMethod::call(Object(Laravel\\Lumen\\Application), Array, Array, NULL)
#13 C:\\LumenCatalogueApi\\vendor\\illuminate\\console\\Command.php(183): Illuminate\\Container\\Container->call(Array)
#14 C:\\LumenCatalogueApi\\vendor\\symfony\\console\\Command\\Command.php(255): Illuminate\\Console\\Command->execute(Object(Symfony\\Component\\Console\\Input\\ArgvInput), Object(Illuminate\\Console\\OutputStyle))
#15 C:\\LumenCatalogueApi\\vendor\\illuminate\\console\\Command.php(170): Symfony\\Component\\Console\\Command\\Command->run(Object(Symfony\\Component\\Console\\Input\\ArgvInput), Object(Illuminate\\Console\\OutputStyle))
#16 C:\\LumenCatalogueApi\\vendor\\symfony\\console\\Application.php(1011): Illuminate\\Console\\Command->run(Object(Symfony\\Component\\Console\\Input\\ArgvInput), Object(Symfony\\Component\\Console\\Output\\ConsoleOutput))
#17 C:\\LumenCatalogueApi\\vendor\\symfony\\console\\Application.php(272): Symfony\\Component\\Console\\Application->doRunCommand(Object(Illuminate\\Database\\Console\\Migrations\\MigrateCommand), Object(Symfony\\Component\\Console\\Input\\ArgvInput), Object(Symfony\\Component\\Console\\Output\\ConsoleOutput))
#18 C:\\LumenCatalogueApi\\vendor\\symfony\\console\\Application.php(148): Symfony\\Component\\Console\\Application->doRun(Object(Symfony\\Component\\Console\\Input\\ArgvInput), Object(Symfony\\Component\\Console\\Output\\ConsoleOutput))
#19 C:\\LumenCatalogueApi\\vendor\\illuminate\\console\\Application.php(89): Symfony\\Component\\Console\\Application->run(Object(Symfony\\Component\\Console\\Input\\ArgvInput), Object(Symfony\\Component\\Console\\Output\\ConsoleOutput))
#20 C:\\LumenCatalogueApi\\vendor\\laravel\\lumen-framework\\src\\Console\\Kernel.php(115): Illuminate\\Console\\Application->run(Object(Symfony\\Component\\Console\\Input\\ArgvInput), Object(Symfony\\Component\\Console\\Output\\ConsoleOutput))
#21 C:\\LumenCatalogueApi\\artisan(35): Laravel\\Lumen\\Console\\Kernel->handle(Object(Symfony\\Component\\Console\\Input\\ArgvInput), Object(Symfony\\Component\\Console\\Output\\ConsoleOutput))
#22 {main}
"} 
[2019-12-21 14:45:16] local.ERROR: Symfony\Component\Console\Exception\RuntimeException: The "-s" option does not exist. in C:\LumenCatalogueApi\vendor\symfony\console\Input\ArgvInput.php:120
Stack trace:
#0 C:\LumenCatalogueApi\vendor\symfony\console\Input\ArgvInput.php(102): Symfony\Component\Console\Input\ArgvInput->parseShortOptionSet('seed')
#1 C:\LumenCatalogueApi\vendor\symfony\console\Input\ArgvInput.php(83): Symfony\Component\Console\Input\ArgvInput->parseShortOption('-seed')
#2 C:\LumenCatalogueApi\vendor\symfony\console\Input\Input.php(55): Symfony\Component\Console\Input\ArgvInput->parse()
#3 C:\LumenCatalogueApi\vendor\symfony\console\Command\Command.php(214): Symfony\Component\Console\Input\Input->bind(Object(Symfony\Component\Console\Input\InputDefinition))
#4 C:\LumenCatalogueApi\vendor\illuminate\console\Command.php(170): Symfony\Component\Console\Command\Command->run(Object(Symfony\Component\Console\Input\ArgvInput), Object(Illuminate\Console\OutputStyle))
#5 C:\LumenCatalogueApi\vendor\symfony\console\Application.php(1011): Illuminate\Console\Command->run(Object(Symfony\Component\Console\Input\ArgvInput), Object(Symfony\Component\Console\Output\ConsoleOutput))
#6 C:\LumenCatalogueApi\vendor\symfony\console\Application.php(272): Symfony\Component\Console\Application->doRunCommand(Object(Illuminate\Database\Console\Migrations\FreshCommand), Object(Symfony\Component\Console\Input\ArgvInput), Object(Symfony\Component\Console\Output\ConsoleOutput))
#7 C:\LumenCatalogueApi\vendor\symfony\console\Application.php(148): Symfony\Component\Console\Application->doRun(Object(Symfony\Component\Console\Input\ArgvInput), Object(Symfony\Component\Console\Output\ConsoleOutput))
#8 C:\LumenCatalogueApi\vendor\illuminate\console\Application.php(89): Symfony\Component\Console\Application->run(Object(Symfony\Component\Console\Input\ArgvInput), Object(Symfony\Component\Console\Output\ConsoleOutput))
#9 C:\LumenCatalogueApi\vendor\laravel\lumen-framework\src\Console\Kernel.php(115): Illuminate\Console\Application->run(Object(Symfony\Component\Console\Input\ArgvInput), Object(Symfony\Component\Console\Output\ConsoleOutput))
#10 C:\LumenCatalogueApi\artisan(35): Laravel\Lumen\Console\Kernel->handle(Object(Symfony\Component\Console\Input\ArgvInput), Object(Symfony\Component\Console\Output\ConsoleOutput))
#11 {main} {"exception":"[object] (Symfony\\Component\\Console\\Exception\\RuntimeException(code: 0): The \"-s\" option does not exist. at C:\\LumenCatalogueApi\\vendor\\symfony\\console\\Input\\ArgvInput.php:120)
[stacktrace]
#0 C:\\LumenCatalogueApi\\vendor\\symfony\\console\\Input\\ArgvInput.php(102): Symfony\\Component\\Console\\Input\\ArgvInput->parseShortOptionSet('seed')
#1 C:\\LumenCatalogueApi\\vendor\\symfony\\console\\Input\\ArgvInput.php(83): Symfony\\Component\\Console\\Input\\ArgvInput->parseShortOption('-seed')
#2 C:\\LumenCatalogueApi\\vendor\\symfony\\console\\Input\\Input.php(55): Symfony\\Component\\Console\\Input\\ArgvInput->parse()
#3 C:\\LumenCatalogueApi\\vendor\\symfony\\console\\Command\\Command.php(214): Symfony\\Component\\Console\\Input\\Input->bind(Object(Symfony\\Component\\Console\\Input\\InputDefinition))
#4 C:\\LumenCatalogueApi\\vendor\\illuminate\\console\\Command.php(170): Symfony\\Component\\Console\\Command\\Command->run(Object(Symfony\\Component\\Console\\Input\\ArgvInput), Object(Illuminate\\Console\\OutputStyle))
#5 C:\\LumenCatalogueApi\\vendor\\symfony\\console\\Application.php(1011): Illuminate\\Console\\Command->run(Object(Symfony\\Component\\Console\\Input\\ArgvInput), Object(Symfony\\Component\\Console\\Output\\ConsoleOutput))
#6 C:\\LumenCatalogueApi\\vendor\\symfony\\console\\Application.php(272): Symfony\\Component\\Console\\Application->doRunCommand(Object(Illuminate\\Database\\Console\\Migrations\\FreshCommand), Object(Symfony\\Component\\Console\\Input\\ArgvInput), Object(Symfony\\Component\\Console\\Output\\ConsoleOutput))
#7 C:\\LumenCatalogueApi\\vendor\\symfony\\console\\Application.php(148): Symfony\\Component\\Console\\Application->doRun(Object(Symfony\\Component\\Console\\Input\\ArgvInput), Object(Symfony\\Component\\Console\\Output\\ConsoleOutput))
#8 C:\\LumenCatalogueApi\\vendor\\illuminate\\console\\Application.php(89): Symfony\\Component\\Console\\Application->run(Object(Symfony\\Component\\Console\\Input\\ArgvInput), Object(Symfony\\Component\\Console\\Output\\ConsoleOutput))
#9 C:\\LumenCatalogueApi\\vendor\\laravel\\lumen-framework\\src\\Console\\Kernel.php(115): Illuminate\\Console\\Application->run(Object(Symfony\\Component\\Console\\Input\\ArgvInput), Object(Symfony\\Component\\Console\\Output\\ConsoleOutput))
#10 C:\\LumenCatalogueApi\\artisan(35): Laravel\\Lumen\\Console\\Kernel->handle(Object(Symfony\\Component\\Console\\Input\\ArgvInput), Object(Symfony\\Component\\Console\\Output\\ConsoleOutput))
#11 {main}
"} 
[2019-12-21 15:22:18] local.ERROR: BadMethodCallException: Method Illuminate\Validation\Validator::validate255 does not exist. in C:\LumenCatalogueApi\vendor\illuminate\validation\Validator.php:1187
Stack trace:
#0 C:\LumenCatalogueApi\vendor\illuminate\validation\Validator.php(398): Illuminate\Validation\Validator->__call('validate255', Array)
#1 C:\LumenCatalogueApi\vendor\illuminate\validation\Validator.php(277): Illuminate\Validation\Validator->validateAttribute('name', '255')
#2 C:\LumenCatalogueApi\vendor\illuminate\validation\Validator.php(302): Illuminate\Validation\Validator->passes()
#3 C:\LumenCatalogueApi\vendor\laravel\lumen-framework\src\Routing\ProvidesConvenienceMethods.php(66): Illuminate\Validation\Validator->fails()
#4 C:\LumenCatalogueApi\app\Http\Controllers\CatalogueController.php(45): Laravel\Lumen\Routing\Controller->validate(Object(Laravel\Lumen\Http\Request), Array)
#5 [internal function]: App\Http\Controllers\CatalogueController->store(Object(Laravel\Lumen\Http\Request))
#6 C:\LumenCatalogueApi\vendor\illuminate\container\BoundMethod.php(29): call_user_func_array(Array, Array)
#7 C:\LumenCatalogueApi\vendor\illuminate\container\BoundMethod.php(87): Illuminate\Container\BoundMethod::Illuminate\Container\{closure}()
#8 C:\LumenCatalogueApi\vendor\illuminate\container\BoundMethod.php(31): Illuminate\Container\BoundMethod::callBoundMethod(Object(Laravel\Lumen\Application), Array, Object(Closure))
#9 C:\LumenCatalogueApi\vendor\illuminate\container\Container.php(572): Illuminate\Container\BoundMethod::call(Object(Laravel\Lumen\Application), Array, Array, NULL)
#10 C:\LumenCatalogueApi\vendor\laravel\lumen-framework\src\Concerns\RoutesRequests.php(378): Illuminate\Container\Container->call(Array, Array)
#11 C:\LumenCatalogueApi\vendor\laravel\lumen-framework\src\Concerns\RoutesRequests.php(344): Laravel\Lumen\Application->callControllerCallable(Array, Array)
#12 C:\LumenCatalogueApi\vendor\laravel\lumen-framework\src\Concerns\RoutesRequests.php(318): Laravel\Lumen\Application->callLumenController(Object(App\Http\Controllers\CatalogueController), 'store', Array)
#13 C:\LumenCatalogueApi\vendor\laravel\lumen-framework\src\Concerns\RoutesRequests.php(280): Laravel\Lumen\Application->callControllerAction(Array)
#14 C:\LumenCatalogueApi\vendor\laravel\lumen-framework\src\Concerns\RoutesRequests.php(265): Laravel\Lumen\Application->callActionOnArrayBasedRoute(Array)
#15 C:\LumenCatalogueApi\vendor\laravel\lumen-framework\src\Concerns\RoutesRequests.php(165): Laravel\Lumen\Application->handleFoundRoute(Array)
#16 C:\LumenCatalogueApi\vendor\laravel\lumen-framework\src\Concerns\RoutesRequests.php(418): Laravel\Lumen\Application->Laravel\Lumen\Concerns\{closure}(Object(Laravel\Lumen\Http\Request))
#17 C:\LumenCatalogueApi\vendor\laravel\lumen-framework\src\Concerns\RoutesRequests.php(171): Laravel\Lumen\Application->sendThroughPipeline(Array, Object(Closure))
#18 C:\LumenCatalogueApi\vendor\laravel\lumen-framework\src\Concerns\RoutesRequests.php(108): Laravel\Lumen\Application->dispatch(NULL)
#19 C:\LumenCatalogueApi\public\index.php(28): Laravel\Lumen\Application->run()
#20 {main} {"exception":"[object] (BadMethodCallException(code: 0): Method Illuminate\\Validation\\Validator::validate255 does not exist. at C:\\LumenCatalogueApi\\vendor\\illuminate\\validation\\Validator.php:1187)
[stacktrace]
#0 C:\\LumenCatalogueApi\\vendor\\illuminate\\validation\\Validator.php(398): Illuminate\\Validation\\Validator->__call('validate255', Array)
#1 C:\\LumenCatalogueApi\\vendor\\illuminate\\validation\\Validator.php(277): Illuminate\\Validation\\Validator->validateAttribute('name', '255')
#2 C:\\LumenCatalogueApi\\vendor\\illuminate\\validation\\Validator.php(302): Illuminate\\Validation\\Validator->passes()
#3 C:\\LumenCatalogueApi\\vendor\\laravel\\lumen-framework\\src\\Routing\\ProvidesConvenienceMethods.php(66): Illuminate\\Validation\\Validator->fails()
#4 C:\\LumenCatalogueApi\\app\\Http\\Controllers\\CatalogueController.php(45): Laravel\\Lumen\\Routing\\Controller->validate(Object(Laravel\\Lumen\\Http\\Request), Array)
#5 [internal function]: App\\Http\\Controllers\\CatalogueController->store(Object(Laravel\\Lumen\\Http\\Request))
#6 C:\\LumenCatalogueApi\\vendor\\illuminate\\container\\BoundMethod.php(29): call_user_func_array(Array, Array)
#7 C:\\LumenCatalogueApi\\vendor\\illuminate\\container\\BoundMethod.php(87): Illuminate\\Container\\BoundMethod::Illuminate\\Container\\{closure}()
#8 C:\\LumenCatalogueApi\\vendor\\illuminate\\container\\BoundMethod.php(31): Illuminate\\Container\\BoundMethod::callBoundMethod(Object(Laravel\\Lumen\\Application), Array, Object(Closure))
#9 C:\\LumenCatalogueApi\\vendor\\illuminate\\container\\Container.php(572): Illuminate\\Container\\BoundMethod::call(Object(Laravel\\Lumen\\Application), Array, Array, NULL)
#10 C:\\LumenCatalogueApi\\vendor\\laravel\\lumen-framework\\src\\Concerns\\RoutesRequests.php(378): Illuminate\\Container\\Container->call(Array, Array)
#11 C:\\LumenCatalogueApi\\vendor\\laravel\\lumen-framework\\src\\Concerns\\RoutesRequests.php(344): Laravel\\Lumen\\Application->callControllerCallable(Array, Array)
#12 C:\\LumenCatalogueApi\\vendor\\laravel\\lumen-framework\\src\\Concerns\\RoutesRequests.php(318): Laravel\\Lumen\\Application->callLumenController(Object(App\\Http\\Controllers\\CatalogueController), 'store', Array)
#13 C:\\LumenCatalogueApi\\vendor\\laravel\\lumen-framework\\src\\Concerns\\RoutesRequests.php(280): Laravel\\Lumen\\Application->callControllerAction(Array)
#14 C:\\LumenCatalogueApi\\vendor\\laravel\\lumen-framework\\src\\Concerns\\RoutesRequests.php(265): Laravel\\Lumen\\Application->callActionOnArrayBasedRoute(Array)
#15 C:\\LumenCatalogueApi\\vendor\\laravel\\lumen-framework\\src\\Concerns\\RoutesRequests.php(165): Laravel\\Lumen\\Application->handleFoundRoute(Array)
#16 C:\\LumenCatalogueApi\\vendor\\laravel\\lumen-framework\\src\\Concerns\\RoutesRequests.php(418): Laravel\\Lumen\\Application->Laravel\\Lumen\\Concerns\\{closure}(Object(Laravel\\Lumen\\Http\\Request))
#17 C:\\LumenCatalogueApi\\vendor\\laravel\\lumen-framework\\src\\Concerns\\RoutesRequests.php(171): Laravel\\Lumen\\Application->sendThroughPipeline(Array, Object(Closure))
#18 C:\\LumenCatalogueApi\\vendor\\laravel\\lumen-framework\\src\\Concerns\\RoutesRequests.php(108): Laravel\\Lumen\\Application->dispatch(NULL)
#19 C:\\LumenCatalogueApi\\public\\index.php(28): Laravel\\Lumen\\Application->run()
#20 {main}
"} 
[2019-12-21 15:27:01] local.ERROR: ErrorException: Undefined variable: catalogue in C:\LumenCatalogueApi\app\Http\Controllers\CatalogueController.php:49
Stack trace:
#0 C:\LumenCatalogueApi\app\Http\Controllers\CatalogueController.php(49): Laravel\Lumen\Application->Laravel\Lumen\Concerns\{closure}(8, 'Undefined varia...', 'C:\\LumenCatalog...', 49, Array)
#1 [internal function]: App\Http\Controllers\CatalogueController->store(Object(Laravel\Lumen\Http\Request))
#2 C:\LumenCatalogueApi\vendor\illuminate\container\BoundMethod.php(29): call_user_func_array(Array, Array)
#3 C:\LumenCatalogueApi\vendor\illuminate\container\BoundMethod.php(87): Illuminate\Container\BoundMethod::Illuminate\Container\{closure}()
#4 C:\LumenCatalogueApi\vendor\illuminate\container\BoundMethod.php(31): Illuminate\Container\BoundMethod::callBoundMethod(Object(Laravel\Lumen\Application), Array, Object(Closure))
#5 C:\LumenCatalogueApi\vendor\illuminate\container\Container.php(572): Illuminate\Container\BoundMethod::call(Object(Laravel\Lumen\Application), Array, Array, NULL)
#6 C:\LumenCatalogueApi\vendor\laravel\lumen-framework\src\Concerns\RoutesRequests.php(378): Illuminate\Container\Container->call(Array, Array)
#7 C:\LumenCatalogueApi\vendor\laravel\lumen-framework\src\Concerns\RoutesRequests.php(344): Laravel\Lumen\Application->callControllerCallable(Array, Array)
#8 C:\LumenCatalogueApi\vendor\laravel\lumen-framework\src\Concerns\RoutesRequests.php(318): Laravel\Lumen\Application->callLumenController(Object(App\Http\Controllers\CatalogueController), 'store', Array)
#9 C:\LumenCatalogueApi\vendor\laravel\lumen-framework\src\Concerns\RoutesRequests.php(280): Laravel\Lumen\Application->callControllerAction(Array)
#10 C:\LumenCatalogueApi\vendor\laravel\lumen-framework\src\Concerns\RoutesRequests.php(265): Laravel\Lumen\Application->callActionOnArrayBasedRoute(Array)
#11 C:\LumenCatalogueApi\vendor\laravel\lumen-framework\src\Concerns\RoutesRequests.php(165): Laravel\Lumen\Application->handleFoundRoute(Array)
#12 C:\LumenCatalogueApi\vendor\laravel\lumen-framework\src\Concerns\RoutesRequests.php(418): Laravel\Lumen\Application->Laravel\Lumen\Concerns\{closure}(Object(Laravel\Lumen\Http\Request))
#13 C:\LumenCatalogueApi\vendor\laravel\lumen-framework\src\Concerns\RoutesRequests.php(171): Laravel\Lumen\Application->sendThroughPipeline(Array, Object(Closure))
#14 C:\LumenCatalogueApi\vendor\laravel\lumen-framework\src\Concerns\RoutesRequests.php(108): Laravel\Lumen\Application->dispatch(NULL)
#15 C:\LumenCatalogueApi\public\index.php(28): Laravel\Lumen\Application->run()
#16 {main} {"exception":"[object] (ErrorException(code: 0): Undefined variable: catalogue at C:\\LumenCatalogueApi\\app\\Http\\Controllers\\CatalogueController.php:49)
[stacktrace]
#0 C:\\LumenCatalogueApi\\app\\Http\\Controllers\\CatalogueController.php(49): Laravel\\Lumen\\Application->Laravel\\Lumen\\Concerns\\{closure}(8, 'Undefined varia...', 'C:\\\\LumenCatalog...', 49, Array)
#1 [internal function]: App\\Http\\Controllers\\CatalogueController->store(Object(Laravel\\Lumen\\Http\\Request))
#2 C:\\LumenCatalogueApi\\vendor\\illuminate\\container\\BoundMethod.php(29): call_user_func_array(Array, Array)
#3 C:\\LumenCatalogueApi\\vendor\\illuminate\\container\\BoundMethod.php(87): Illuminate\\Container\\BoundMethod::Illuminate\\Container\\{closure}()
#4 C:\\LumenCatalogueApi\\vendor\\illuminate\\container\\BoundMethod.php(31): Illuminate\\Container\\BoundMethod::callBoundMethod(Object(Laravel\\Lumen\\Application), Array, Object(Closure))
#5 C:\\LumenCatalogueApi\\vendor\\illuminate\\container\\Container.php(572): Illuminate\\Container\\BoundMethod::call(Object(Laravel\\Lumen\\Application), Array, Array, NULL)
#6 C:\\LumenCatalogueApi\\vendor\\laravel\\lumen-framework\\src\\Concerns\\RoutesRequests.php(378): Illuminate\\Container\\Container->call(Array, Array)
#7 C:\\LumenCatalogueApi\\vendor\\laravel\\lumen-framework\\src\\Concerns\\RoutesRequests.php(344): Laravel\\Lumen\\Application->callControllerCallable(Array, Array)
#8 C:\\LumenCatalogueApi\\vendor\\laravel\\lumen-framework\\src\\Concerns\\RoutesRequests.php(318): Laravel\\Lumen\\Application->callLumenController(Object(App\\Http\\Controllers\\CatalogueController), 'store', Array)
#9 C:\\LumenCatalogueApi\\vendor\\laravel\\lumen-framework\\src\\Concerns\\RoutesRequests.php(280): Laravel\\Lumen\\Application->callControllerAction(Array)
#10 C:\\LumenCatalogueApi\\vendor\\laravel\\lumen-framework\\src\\Concerns\\RoutesRequests.php(265): Laravel\\Lumen\\Application->callActionOnArrayBasedRoute(Array)
#11 C:\\LumenCatalogueApi\\vendor\\laravel\\lumen-framework\\src\\Concerns\\RoutesRequests.php(165): Laravel\\Lumen\\Application->handleFoundRoute(Array)
#12 C:\\LumenCatalogueApi\\vendor\\laravel\\lumen-framework\\src\\Concerns\\RoutesRequests.php(418): Laravel\\Lumen\\Application->Laravel\\Lumen\\Concerns\\{closure}(Object(Laravel\\Lumen\\Http\\Request))
#13 C:\\LumenCatalogueApi\\vendor\\laravel\\lumen-framework\\src\\Concerns\\RoutesRequests.php(171): Laravel\\Lumen\\Application->sendThroughPipeline(Array, Object(Closure))
#14 C:\\LumenCatalogueApi\\vendor\\laravel\\lumen-framework\\src\\Concerns\\RoutesRequests.php(108): Laravel\\Lumen\\Application->dispatch(NULL)
#15 C:\\LumenCatalogueApi\\public\\index.php(28): Laravel\\Lumen\\Application->run()
#16 {main}
"} 
[2019-12-21 15:39:48] local.ERROR: ErrorException: Undefined variable: catalogue in C:\LumenCatalogueApi\app\Http\Controllers\CatalogueController.php:76
Stack trace:
#0 C:\LumenCatalogueApi\app\Http\Controllers\CatalogueController.php(76): Laravel\Lumen\Application->Laravel\Lumen\Concerns\{closure}(8, 'Undefined varia...', 'C:\\LumenCatalog...', 76, Array)
#1 [internal function]: App\Http\Controllers\CatalogueController->update(Object(Laravel\Lumen\Http\Request), '5')
#2 C:\LumenCatalogueApi\vendor\illuminate\container\BoundMethod.php(29): call_user_func_array(Array, Array)
#3 C:\LumenCatalogueApi\vendor\illuminate\container\BoundMethod.php(87): Illuminate\Container\BoundMethod::Illuminate\Container\{closure}()
#4 C:\LumenCatalogueApi\vendor\illuminate\container\BoundMethod.php(31): Illuminate\Container\BoundMethod::callBoundMethod(Object(Laravel\Lumen\Application), Array, Object(Closure))
#5 C:\LumenCatalogueApi\vendor\illuminate\container\Container.php(572): Illuminate\Container\BoundMethod::call(Object(Laravel\Lumen\Application), Array, Array, NULL)
#6 C:\LumenCatalogueApi\vendor\laravel\lumen-framework\src\Concerns\RoutesRequests.php(378): Illuminate\Container\Container->call(Array, Array)
#7 C:\LumenCatalogueApi\vendor\laravel\lumen-framework\src\Concerns\RoutesRequests.php(344): Laravel\Lumen\Application->callControllerCallable(Array, Array)
#8 C:\LumenCatalogueApi\vendor\laravel\lumen-framework\src\Concerns\RoutesRequests.php(318): Laravel\Lumen\Application->callLumenController(Object(App\Http\Controllers\CatalogueController), 'update', Array)
#9 C:\LumenCatalogueApi\vendor\laravel\lumen-framework\src\Concerns\RoutesRequests.php(280): Laravel\Lumen\Application->callControllerAction(Array)
#10 C:\LumenCatalogueApi\vendor\laravel\lumen-framework\src\Concerns\RoutesRequests.php(265): Laravel\Lumen\Application->callActionOnArrayBasedRoute(Array)
#11 C:\LumenCatalogueApi\vendor\laravel\lumen-framework\src\Concerns\RoutesRequests.php(235): Laravel\Lumen\Application->handleFoundRoute(Array)
#12 C:\LumenCatalogueApi\vendor\laravel\lumen-framework\src\Concerns\RoutesRequests.php(169): Laravel\Lumen\Application->handleDispatcherResponse(Array)
#13 C:\LumenCatalogueApi\vendor\laravel\lumen-framework\src\Concerns\RoutesRequests.php(418): Laravel\Lumen\Application->Laravel\Lumen\Concerns\{closure}(Object(Laravel\Lumen\Http\Request))
#14 C:\LumenCatalogueApi\vendor\laravel\lumen-framework\src\Concerns\RoutesRequests.php(171): Laravel\Lumen\Application->sendThroughPipeline(Array, Object(Closure))
#15 C:\LumenCatalogueApi\vendor\laravel\lumen-framework\src\Concerns\RoutesRequests.php(108): Laravel\Lumen\Application->dispatch(NULL)
#16 C:\LumenCatalogueApi\public\index.php(28): Laravel\Lumen\Application->run()
#17 {main} {"exception":"[object] (ErrorException(code: 0): Undefined variable: catalogue at C:\\LumenCatalogueApi\\app\\Http\\Controllers\\CatalogueController.php:76)
[stacktrace]
#0 C:\\LumenCatalogueApi\\app\\Http\\Controllers\\CatalogueController.php(76): Laravel\\Lumen\\Application->Laravel\\Lumen\\Concerns\\{closure}(8, 'Undefined varia...', 'C:\\\\LumenCatalog...', 76, Array)
#1 [internal function]: App\\Http\\Controllers\\CatalogueController->update(Object(Laravel\\Lumen\\Http\\Request), '5')
#2 C:\\LumenCatalogueApi\\vendor\\illuminate\\container\\BoundMethod.php(29): call_user_func_array(Array, Array)
#3 C:\\LumenCatalogueApi\\vendor\\illuminate\\container\\BoundMethod.php(87): Illuminate\\Container\\BoundMethod::Illuminate\\Container\\{closure}()
#4 C:\\LumenCatalogueApi\\vendor\\illuminate\\container\\BoundMethod.php(31): Illuminate\\Container\\BoundMethod::callBoundMethod(Object(Laravel\\Lumen\\Application), Array, Object(Closure))
#5 C:\\LumenCatalogueApi\\vendor\\illuminate\\container\\Container.php(572): Illuminate\\Container\\BoundMethod::call(Object(Laravel\\Lumen\\Application), Array, Array, NULL)
#6 C:\\LumenCatalogueApi\\vendor\\laravel\\lumen-framework\\src\\Concerns\\RoutesRequests.php(378): Illuminate\\Container\\Container->call(Array, Array)
#7 C:\\LumenCatalogueApi\\vendor\\laravel\\lumen-framework\\src\\Concerns\\RoutesRequests.php(344): Laravel\\Lumen\\Application->callControllerCallable(Array, Array)
#8 C:\\LumenCatalogueApi\\vendor\\laravel\\lumen-framework\\src\\Concerns\\RoutesRequests.php(318): Laravel\\Lumen\\Application->callLumenController(Object(App\\Http\\Controllers\\CatalogueController), 'update', Array)
#9 C:\\LumenCatalogueApi\\vendor\\laravel\\lumen-framework\\src\\Concerns\\RoutesRequests.php(280): Laravel\\Lumen\\Application->callControllerAction(Array)
#10 C:\\LumenCatalogueApi\\vendor\\laravel\\lumen-framework\\src\\Concerns\\RoutesRequests.php(265): Laravel\\Lumen\\Application->callActionOnArrayBasedRoute(Array)
#11 C:\\LumenCatalogueApi\\vendor\\laravel\\lumen-framework\\src\\Concerns\\RoutesRequests.php(235): Laravel\\Lumen\\Application->handleFoundRoute(Array)
#12 C:\\LumenCatalogueApi\\vendor\\laravel\\lumen-framework\\src\\Concerns\\RoutesRequests.php(169): Laravel\\Lumen\\Application->handleDispatcherResponse(Array)
#13 C:\\LumenCatalogueApi\\vendor\\laravel\\lumen-framework\\src\\Concerns\\RoutesRequests.php(418): Laravel\\Lumen\\Application->Laravel\\Lumen\\Concerns\\{closure}(Object(Laravel\\Lumen\\Http\\Request))
#14 C:\\LumenCatalogueApi\\vendor\\laravel\\lumen-framework\\src\\Concerns\\RoutesRequests.php(171): Laravel\\Lumen\\Application->sendThroughPipeline(Array, Object(Closure))
#15 C:\\LumenCatalogueApi\\vendor\\laravel\\lumen-framework\\src\\Concerns\\RoutesRequests.php(108): Laravel\\Lumen\\Application->dispatch(NULL)
#16 C:\\LumenCatalogueApi\\public\\index.php(28): Laravel\\Lumen\\Application->run()
#17 {main}
"} 
[2019-12-21 15:40:17] local.ERROR: Symfony\Component\Debug\Exception\FatalThrowableError: Undefined class constant 'HTTP_UNPOCESSABLE_ENTITY' in C:\LumenCatalogueApi\app\Http\Controllers\CatalogueController.php:83
Stack trace:
#0 [internal function]: App\Http\Controllers\CatalogueController->update(Object(Laravel\Lumen\Http\Request), Object(App\Catalogue))
#1 C:\LumenCatalogueApi\vendor\illuminate\container\BoundMethod.php(29): call_user_func_array(Array, Array)
#2 C:\LumenCatalogueApi\vendor\illuminate\container\BoundMethod.php(87): Illuminate\Container\BoundMethod::Illuminate\Container\{closure}()
#3 C:\LumenCatalogueApi\vendor\illuminate\container\BoundMethod.php(31): Illuminate\Container\BoundMethod::callBoundMethod(Object(Laravel\Lumen\Application), Array, Object(Closure))
#4 C:\LumenCatalogueApi\vendor\illuminate\container\Container.php(572): Illuminate\Container\BoundMethod::call(Object(Laravel\Lumen\Application), Array, Array, NULL)
#5 C:\LumenCatalogueApi\vendor\laravel\lumen-framework\src\Concerns\RoutesRequests.php(378): Illuminate\Container\Container->call(Array, Array)
#6 C:\LumenCatalogueApi\vendor\laravel\lumen-framework\src\Concerns\RoutesRequests.php(344): Laravel\Lumen\Application->callControllerCallable(Array, Array)
#7 C:\LumenCatalogueApi\vendor\laravel\lumen-framework\src\Concerns\RoutesRequests.php(318): Laravel\Lumen\Application->callLumenController(Object(App\Http\Controllers\CatalogueController), 'update', Array)
#8 C:\LumenCatalogueApi\vendor\laravel\lumen-framework\src\Concerns\RoutesRequests.php(280): Laravel\Lumen\Application->callControllerAction(Array)
#9 C:\LumenCatalogueApi\vendor\laravel\lumen-framework\src\Concerns\RoutesRequests.php(265): Laravel\Lumen\Application->callActionOnArrayBasedRoute(Array)
#10 C:\LumenCatalogueApi\vendor\laravel\lumen-framework\src\Concerns\RoutesRequests.php(235): Laravel\Lumen\Application->handleFoundRoute(Array)
#11 C:\LumenCatalogueApi\vendor\laravel\lumen-framework\src\Concerns\RoutesRequests.php(169): Laravel\Lumen\Application->handleDispatcherResponse(Array)
#12 C:\LumenCatalogueApi\vendor\laravel\lumen-framework\src\Concerns\RoutesRequests.php(418): Laravel\Lumen\Application->Laravel\Lumen\Concerns\{closure}(Object(Laravel\Lumen\Http\Request))
#13 C:\LumenCatalogueApi\vendor\laravel\lumen-framework\src\Concerns\RoutesRequests.php(171): Laravel\Lumen\Application->sendThroughPipeline(Array, Object(Closure))
#14 C:\LumenCatalogueApi\vendor\laravel\lumen-framework\src\Concerns\RoutesRequests.php(108): Laravel\Lumen\Application->dispatch(NULL)
#15 C:\LumenCatalogueApi\public\index.php(28): Laravel\Lumen\Application->run()
#16 {main} {"exception":"[object] (Symfony\\Component\\Debug\\Exception\\FatalThrowableError(code: 0): Undefined class constant 'HTTP_UNPOCESSABLE_ENTITY' at C:\\LumenCatalogueApi\\app\\Http\\Controllers\\CatalogueController.php:83)
[stacktrace]
#0 [internal function]: App\\Http\\Controllers\\CatalogueController->update(Object(Laravel\\Lumen\\Http\\Request), Object(App\\Catalogue))
#1 C:\\LumenCatalogueApi\\vendor\\illuminate\\container\\BoundMethod.php(29): call_user_func_array(Array, Array)
#2 C:\\LumenCatalogueApi\\vendor\\illuminate\\container\\BoundMethod.php(87): Illuminate\\Container\\BoundMethod::Illuminate\\Container\\{closure}()
#3 C:\\LumenCatalogueApi\\vendor\\illuminate\\container\\BoundMethod.php(31): Illuminate\\Container\\BoundMethod::callBoundMethod(Object(Laravel\\Lumen\\Application), Array, Object(Closure))
#4 C:\\LumenCatalogueApi\\vendor\\illuminate\\container\\Container.php(572): Illuminate\\Container\\BoundMethod::call(Object(Laravel\\Lumen\\Application), Array, Array, NULL)
#5 C:\\LumenCatalogueApi\\vendor\\laravel\\lumen-framework\\src\\Concerns\\RoutesRequests.php(378): Illuminate\\Container\\Container->call(Array, Array)
#6 C:\\LumenCatalogueApi\\vendor\\laravel\\lumen-framework\\src\\Concerns\\RoutesRequests.php(344): Laravel\\Lumen\\Application->callControllerCallable(Array, Array)
#7 C:\\LumenCatalogueApi\\vendor\\laravel\\lumen-framework\\src\\Concerns\\RoutesRequests.php(318): Laravel\\Lumen\\Application->callLumenController(Object(App\\Http\\Controllers\\CatalogueController), 'update', Array)
#8 C:\\LumenCatalogueApi\\vendor\\laravel\\lumen-framework\\src\\Concerns\\RoutesRequests.php(280): Laravel\\Lumen\\Application->callControllerAction(Array)
#9 C:\\LumenCatalogueApi\\vendor\\laravel\\lumen-framework\\src\\Concerns\\RoutesRequests.php(265): Laravel\\Lumen\\Application->callActionOnArrayBasedRoute(Array)
#10 C:\\LumenCatalogueApi\\vendor\\laravel\\lumen-framework\\src\\Concerns\\RoutesRequests.php(235): Laravel\\Lumen\\Application->handleFoundRoute(Array)
#11 C:\\LumenCatalogueApi\\vendor\\laravel\\lumen-framework\\src\\Concerns\\RoutesRequests.php(169): Laravel\\Lumen\\Application->handleDispatcherResponse(Array)
#12 C:\\LumenCatalogueApi\\vendor\\laravel\\lumen-framework\\src\\Concerns\\RoutesRequests.php(418): Laravel\\Lumen\\Application->Laravel\\Lumen\\Concerns\\{closure}(Object(Laravel\\Lumen\\Http\\Request))
#13 C:\\LumenCatalogueApi\\vendor\\laravel\\lumen-framework\\src\\Concerns\\RoutesRequests.php(171): Laravel\\Lumen\\Application->sendThroughPipeline(Array, Object(Closure))
#14 C:\\LumenCatalogueApi\\vendor\\laravel\\lumen-framework\\src\\Concerns\\RoutesRequests.php(108): Laravel\\Lumen\\Application->dispatch(NULL)
#15 C:\\LumenCatalogueApi\\public\\index.php(28): Laravel\\Lumen\\Application->run()
#16 {main}
"} 
[2019-12-21 15:40:29] local.ERROR: ErrorException: Undefined variable: message in C:\LumenCatalogueApi\app\Traits\ApiResponser.php:32
Stack trace:
#0 C:\LumenCatalogueApi\app\Traits\ApiResponser.php(32): Laravel\Lumen\Application->Laravel\Lumen\Concerns\{closure}(8, 'Undefined varia...', 'C:\\LumenCatalog...', 32, Array)
#1 C:\LumenCatalogueApi\app\Http\Controllers\CatalogueController.php(83): App\Http\Controllers\CatalogueController->errorResponse('Name must be ch...', 422)
#2 [internal function]: App\Http\Controllers\CatalogueController->update(Object(Laravel\Lumen\Http\Request), Object(App\Catalogue))
#3 C:\LumenCatalogueApi\vendor\illuminate\container\BoundMethod.php(29): call_user_func_array(Array, Array)
#4 C:\LumenCatalogueApi\vendor\illuminate\container\BoundMethod.php(87): Illuminate\Container\BoundMethod::Illuminate\Container\{closure}()
#5 C:\LumenCatalogueApi\vendor\illuminate\container\BoundMethod.php(31): Illuminate\Container\BoundMethod::callBoundMethod(Object(Laravel\Lumen\Application), Array, Object(Closure))
#6 C:\LumenCatalogueApi\vendor\illuminate\container\Container.php(572): Illuminate\Container\BoundMethod::call(Object(Laravel\Lumen\Application), Array, Array, NULL)
#7 C:\LumenCatalogueApi\vendor\laravel\lumen-framework\src\Concerns\RoutesRequests.php(378): Illuminate\Container\Container->call(Array, Array)
#8 C:\LumenCatalogueApi\vendor\laravel\lumen-framework\src\Concerns\RoutesRequests.php(344): Laravel\Lumen\Application->callControllerCallable(Array, Array)
#9 C:\LumenCatalogueApi\vendor\laravel\lumen-framework\src\Concerns\RoutesRequests.php(318): Laravel\Lumen\Application->callLumenController(Object(App\Http\Controllers\CatalogueController), 'update', Array)
#10 C:\LumenCatalogueApi\vendor\laravel\lumen-framework\src\Concerns\RoutesRequests.php(280): Laravel\Lumen\Application->callControllerAction(Array)
#11 C:\LumenCatalogueApi\vendor\laravel\lumen-framework\src\Concerns\RoutesRequests.php(265): Laravel\Lumen\Application->callActionOnArrayBasedRoute(Array)
#12 C:\LumenCatalogueApi\vendor\laravel\lumen-framework\src\Concerns\RoutesRequests.php(235): Laravel\Lumen\Application->handleFoundRoute(Array)
#13 C:\LumenCatalogueApi\vendor\laravel\lumen-framework\src\Concerns\RoutesRequests.php(169): Laravel\Lumen\Application->handleDispatcherResponse(Array)
#14 C:\LumenCatalogueApi\vendor\laravel\lumen-framework\src\Concerns\RoutesRequests.php(418): Laravel\Lumen\Application->Laravel\Lumen\Concerns\{closure}(Object(Laravel\Lumen\Http\Request))
#15 C:\LumenCatalogueApi\vendor\laravel\lumen-framework\src\Concerns\RoutesRequests.php(171): Laravel\Lumen\Application->sendThroughPipeline(Array, Object(Closure))
#16 C:\LumenCatalogueApi\vendor\laravel\lumen-framework\src\Concerns\RoutesRequests.php(108): Laravel\Lumen\Application->dispatch(NULL)
#17 C:\LumenCatalogueApi\public\index.php(28): Laravel\Lumen\Application->run()
#18 {main} {"exception":"[object] (ErrorException(code: 0): Undefined variable: message at C:\\LumenCatalogueApi\\app\\Traits\\ApiResponser.php:32)
[stacktrace]
#0 C:\\LumenCatalogueApi\\app\\Traits\\ApiResponser.php(32): Laravel\\Lumen\\Application->Laravel\\Lumen\\Concerns\\{closure}(8, 'Undefined varia...', 'C:\\\\LumenCatalog...', 32, Array)
#1 C:\\LumenCatalogueApi\\app\\Http\\Controllers\\CatalogueController.php(83): App\\Http\\Controllers\\CatalogueController->errorResponse('Name must be ch...', 422)
#2 [internal function]: App\\Http\\Controllers\\CatalogueController->update(Object(Laravel\\Lumen\\Http\\Request), Object(App\\Catalogue))
#3 C:\\LumenCatalogueApi\\vendor\\illuminate\\container\\BoundMethod.php(29): call_user_func_array(Array, Array)
#4 C:\\LumenCatalogueApi\\vendor\\illuminate\\container\\BoundMethod.php(87): Illuminate\\Container\\BoundMethod::Illuminate\\Container\\{closure}()
#5 C:\\LumenCatalogueApi\\vendor\\illuminate\\container\\BoundMethod.php(31): Illuminate\\Container\\BoundMethod::callBoundMethod(Object(Laravel\\Lumen\\Application), Array, Object(Closure))
#6 C:\\LumenCatalogueApi\\vendor\\illuminate\\container\\Container.php(572): Illuminate\\Container\\BoundMethod::call(Object(Laravel\\Lumen\\Application), Array, Array, NULL)
#7 C:\\LumenCatalogueApi\\vendor\\laravel\\lumen-framework\\src\\Concerns\\RoutesRequests.php(378): Illuminate\\Container\\Container->call(Array, Array)
#8 C:\\LumenCatalogueApi\\vendor\\laravel\\lumen-framework\\src\\Concerns\\RoutesRequests.php(344): Laravel\\Lumen\\Application->callControllerCallable(Array, Array)
#9 C:\\LumenCatalogueApi\\vendor\\laravel\\lumen-framework\\src\\Concerns\\RoutesRequests.php(318): Laravel\\Lumen\\Application->callLumenController(Object(App\\Http\\Controllers\\CatalogueController), 'update', Array)
#10 C:\\LumenCatalogueApi\\vendor\\laravel\\lumen-framework\\src\\Concerns\\RoutesRequests.php(280): Laravel\\Lumen\\Application->callControllerAction(Array)
#11 C:\\LumenCatalogueApi\\vendor\\laravel\\lumen-framework\\src\\Concerns\\RoutesRequests.php(265): Laravel\\Lumen\\Application->callActionOnArrayBasedRoute(Array)
#12 C:\\LumenCatalogueApi\\vendor\\laravel\\lumen-framework\\src\\Concerns\\RoutesRequests.php(235): Laravel\\Lumen\\Application->handleFoundRoute(Array)
#13 C:\\LumenCatalogueApi\\vendor\\laravel\\lumen-framework\\src\\Concerns\\RoutesRequests.php(169): Laravel\\Lumen\\Application->handleDispatcherResponse(Array)
#14 C:\\LumenCatalogueApi\\vendor\\laravel\\lumen-framework\\src\\Concerns\\RoutesRequests.php(418): Laravel\\Lumen\\Application->Laravel\\Lumen\\Concerns\\{closure}(Object(Laravel\\Lumen\\Http\\Request))
#15 C:\\LumenCatalogueApi\\vendor\\laravel\\lumen-framework\\src\\Concerns\\RoutesRequests.php(171): Laravel\\Lumen\\Application->sendThroughPipeline(Array, Object(Closure))
#16 C:\\LumenCatalogueApi\\vendor\\laravel\\lumen-framework\\src\\Concerns\\RoutesRequests.php(108): Laravel\\Lumen\\Application->dispatch(NULL)
#17 C:\\LumenCatalogueApi\\public\\index.php(28): Laravel\\Lumen\\Application->run()
#18 {main}
"} 
[2019-12-21 15:47:07] local.ERROR: ErrorException: Undefined variable: catalogue in C:\LumenCatalogueApi\app\Http\Controllers\CatalogueController.php:97
Stack trace:
#0 C:\LumenCatalogueApi\app\Http\Controllers\CatalogueController.php(97): Laravel\Lumen\Application->Laravel\Lumen\Concerns\{closure}(8, 'Undefined varia...', 'C:\\LumenCatalog...', 97, Array)
#1 [internal function]: App\Http\Controllers\CatalogueController->destroy('6')
#2 C:\LumenCatalogueApi\vendor\illuminate\container\BoundMethod.php(29): call_user_func_array(Array, Array)
#3 C:\LumenCatalogueApi\vendor\illuminate\container\BoundMethod.php(87): Illuminate\Container\BoundMethod::Illuminate\Container\{closure}()
#4 C:\LumenCatalogueApi\vendor\illuminate\container\BoundMethod.php(31): Illuminate\Container\BoundMethod::callBoundMethod(Object(Laravel\Lumen\Application), Array, Object(Closure))
#5 C:\LumenCatalogueApi\vendor\illuminate\container\Container.php(572): Illuminate\Container\BoundMethod::call(Object(Laravel\Lumen\Application), Array, Array, NULL)
#6 C:\LumenCatalogueApi\vendor\laravel\lumen-framework\src\Concerns\RoutesRequests.php(378): Illuminate\Container\Container->call(Array, Array)
#7 C:\LumenCatalogueApi\vendor\laravel\lumen-framework\src\Concerns\RoutesRequests.php(344): Laravel\Lumen\Application->callControllerCallable(Array, Array)
#8 C:\LumenCatalogueApi\vendor\laravel\lumen-framework\src\Concerns\RoutesRequests.php(318): Laravel\Lumen\Application->callLumenController(Object(App\Http\Controllers\CatalogueController), 'destroy', Array)
#9 C:\LumenCatalogueApi\vendor\laravel\lumen-framework\src\Concerns\RoutesRequests.php(280): Laravel\Lumen\Application->callControllerAction(Array)
#10 C:\LumenCatalogueApi\vendor\laravel\lumen-framework\src\Concerns\RoutesRequests.php(265): Laravel\Lumen\Application->callActionOnArrayBasedRoute(Array)
#11 C:\LumenCatalogueApi\vendor\laravel\lumen-framework\src\Concerns\RoutesRequests.php(235): Laravel\Lumen\Application->handleFoundRoute(Array)
#12 C:\LumenCatalogueApi\vendor\laravel\lumen-framework\src\Concerns\RoutesRequests.php(169): Laravel\Lumen\Application->handleDispatcherResponse(Array)
#13 C:\LumenCatalogueApi\vendor\laravel\lumen-framework\src\Concerns\RoutesRequests.php(418): Laravel\Lumen\Application->Laravel\Lumen\Concerns\{closure}(Object(Laravel\Lumen\Http\Request))
#14 C:\LumenCatalogueApi\vendor\laravel\lumen-framework\src\Concerns\RoutesRequests.php(171): Laravel\Lumen\Application->sendThroughPipeline(Array, Object(Closure))
#15 C:\LumenCatalogueApi\vendor\laravel\lumen-framework\src\Concerns\RoutesRequests.php(108): Laravel\Lumen\Application->dispatch(NULL)
#16 C:\LumenCatalogueApi\public\index.php(28): Laravel\Lumen\Application->run()
#17 {main} {"exception":"[object] (ErrorException(code: 0): Undefined variable: catalogue at C:\\LumenCatalogueApi\\app\\Http\\Controllers\\CatalogueController.php:97)
[stacktrace]
#0 C:\\LumenCatalogueApi\\app\\Http\\Controllers\\CatalogueController.php(97): Laravel\\Lumen\\Application->Laravel\\Lumen\\Concerns\\{closure}(8, 'Undefined varia...', 'C:\\\\LumenCatalog...', 97, Array)
#1 [internal function]: App\\Http\\Controllers\\CatalogueController->destroy('6')
#2 C:\\LumenCatalogueApi\\vendor\\illuminate\\container\\BoundMethod.php(29): call_user_func_array(Array, Array)
#3 C:\\LumenCatalogueApi\\vendor\\illuminate\\container\\BoundMethod.php(87): Illuminate\\Container\\BoundMethod::Illuminate\\Container\\{closure}()
#4 C:\\LumenCatalogueApi\\vendor\\illuminate\\container\\BoundMethod.php(31): Illuminate\\Container\\BoundMethod::callBoundMethod(Object(Laravel\\Lumen\\Application), Array, Object(Closure))
#5 C:\\LumenCatalogueApi\\vendor\\illuminate\\container\\Container.php(572): Illuminate\\Container\\BoundMethod::call(Object(Laravel\\Lumen\\Application), Array, Array, NULL)
#6 C:\\LumenCatalogueApi\\vendor\\laravel\\lumen-framework\\src\\Concerns\\RoutesRequests.php(378): Illuminate\\Container\\Container->call(Array, Array)
#7 C:\\LumenCatalogueApi\\vendor\\laravel\\lumen-framework\\src\\Concerns\\RoutesRequests.php(344): Laravel\\Lumen\\Application->callControllerCallable(Array, Array)
#8 C:\\LumenCatalogueApi\\vendor\\laravel\\lumen-framework\\src\\Concerns\\RoutesRequests.php(318): Laravel\\Lumen\\Application->callLumenController(Object(App\\Http\\Controllers\\CatalogueController), 'destroy', Array)
#9 C:\\LumenCatalogueApi\\vendor\\laravel\\lumen-framework\\src\\Concerns\\RoutesRequests.php(280): Laravel\\Lumen\\Application->callControllerAction(Array)
#10 C:\\LumenCatalogueApi\\vendor\\laravel\\lumen-framework\\src\\Concerns\\RoutesRequests.php(265): Laravel\\Lumen\\Application->callActionOnArrayBasedRoute(Array)
#11 C:\\LumenCatalogueApi\\vendor\\laravel\\lumen-framework\\src\\Concerns\\RoutesRequests.php(235): Laravel\\Lumen\\Application->handleFoundRoute(Array)
#12 C:\\LumenCatalogueApi\\vendor\\laravel\\lumen-framework\\src\\Concerns\\RoutesRequests.php(169): Laravel\\Lumen\\Application->handleDispatcherResponse(Array)
#13 C:\\LumenCatalogueApi\\vendor\\laravel\\lumen-framework\\src\\Concerns\\RoutesRequests.php(418): Laravel\\Lumen\\Application->Laravel\\Lumen\\Concerns\\{closure}(Object(Laravel\\Lumen\\Http\\Request))
#14 C:\\LumenCatalogueApi\\vendor\\laravel\\lumen-framework\\src\\Concerns\\RoutesRequests.php(171): Laravel\\Lumen\\Application->sendThroughPipeline(Array, Object(Closure))
#15 C:\\LumenCatalogueApi\\vendor\\laravel\\lumen-framework\\src\\Concerns\\RoutesRequests.php(108): Laravel\\Lumen\\Application->dispatch(NULL)
#16 C:\\LumenCatalogueApi\\public\\index.php(28): Laravel\\Lumen\\Application->run()
#17 {main}
"} 
