[2020-01-05 14:44:59] local.ERROR: ErrorException: Undefined variable: catalogue in C:\CatalogueApi\storage\framework\views\d04f4bb1460110ff2aec8d9d41350256e138707e.php:26
Stack trace:
#0 C:\CatalogueApi\storage\framework\views\d04f4bb1460110ff2aec8d9d41350256e138707e.php(26): Laravel\Lumen\Application->Laravel\Lumen\Concerns\{closure}(8, 'Undefined varia...', 'C:\\CatalogueApi...', 26, Array)
#1 C:\CatalogueApi\vendor\illuminate\view\Engines\PhpEngine.php(43): include('C:\\CatalogueApi...')
#2 C:\CatalogueApi\vendor\illuminate\view\Engines\CompilerEngine.php(59): Illuminate\View\Engines\PhpEngine->evaluatePath('C:\\CatalogueApi...', Array)
#3 C:\CatalogueApi\vendor\illuminate\view\View.php(142): Illuminate\View\Engines\CompilerEngine->get('C:\\CatalogueApi...', Array)
#4 C:\CatalogueApi\vendor\illuminate\view\View.php(125): Illuminate\View\View->getContents()
#5 C:\CatalogueApi\vendor\illuminate\view\View.php(90): Illuminate\View\View->renderContents()
#6 C:\CatalogueApi\vendor\illuminate\http\Response.php(42): Illuminate\View\View->render()
#7 C:\CatalogueApi\vendor\symfony\http-foundation\Response.php(202): Illuminate\Http\Response->setContent(Object(Illuminate\View\View))
#8 C:\CatalogueApi\vendor\laravel\lumen-framework\src\Concerns\RoutesRequests.php(438): Symfony\Component\HttpFoundation\Response->__construct(Object(Illuminate\View\View))
#9 C:\CatalogueApi\vendor\laravel\lumen-framework\src\Concerns\RoutesRequests.php(378): Laravel\Lumen\Application->prepareResponse(Object(Illuminate\View\View))
#10 C:\CatalogueApi\vendor\laravel\lumen-framework\src\Concerns\RoutesRequests.php(344): Laravel\Lumen\Application->callControllerCallable(Array, Array)
#11 C:\CatalogueApi\vendor\laravel\lumen-framework\src\Concerns\RoutesRequests.php(318): Laravel\Lumen\Application->callLumenController(Object(App\Http\Controllers\CatalogueController), 'show', Array)
#12 C:\CatalogueApi\vendor\laravel\lumen-framework\src\Concerns\RoutesRequests.php(280): Laravel\Lumen\Application->callControllerAction(Array)
#13 C:\CatalogueApi\vendor\laravel\lumen-framework\src\Concerns\RoutesRequests.php(265): Laravel\Lumen\Application->callActionOnArrayBasedRoute(Array)
#14 C:\CatalogueApi\vendor\laravel\lumen-framework\src\Concerns\RoutesRequests.php(235): Laravel\Lumen\Application->handleFoundRoute(Array)
#15 C:\CatalogueApi\vendor\laravel\lumen-framework\src\Concerns\RoutesRequests.php(169): Laravel\Lumen\Application->handleDispatcherResponse(Array)
#16 C:\CatalogueApi\vendor\laravel\lumen-framework\src\Concerns\RoutesRequests.php(418): Laravel\Lumen\Application->Laravel\Lumen\Concerns\{closure}(Object(Laravel\Lumen\Http\Request))
#17 C:\CatalogueApi\vendor\laravel\lumen-framework\src\Concerns\RoutesRequests.php(171): Laravel\Lumen\Application->sendThroughPipeline(Array, Object(Closure))
#18 C:\CatalogueApi\vendor\laravel\lumen-framework\src\Concerns\RoutesRequests.php(108): Laravel\Lumen\Application->dispatch(NULL)
#19 C:\CatalogueApi\public\index.php(28): Laravel\Lumen\Application->run()
#20 {main}

Next ErrorException: Undefined variable: catalogue (View: C:\CatalogueApi\resources\views\catalogue.blade.php) in C:\CatalogueApi\storage\framework\views\d04f4bb1460110ff2aec8d9d41350256e138707e.php:26
Stack trace:
#0 C:\CatalogueApi\vendor\illuminate\view\Engines\PhpEngine.php(45): Illuminate\View\Engines\CompilerEngine->handleViewException(Object(ErrorException), 1)
#1 C:\CatalogueApi\vendor\illuminate\view\Engines\CompilerEngine.php(59): Illuminate\View\Engines\PhpEngine->evaluatePath('C:\\CatalogueApi...', Array)
#2 C:\CatalogueApi\vendor\illuminate\view\View.php(142): Illuminate\View\Engines\CompilerEngine->get('C:\\CatalogueApi...', Array)
#3 C:\CatalogueApi\vendor\illuminate\view\View.php(125): Illuminate\View\View->getContents()
#4 C:\CatalogueApi\vendor\illuminate\view\View.php(90): Illuminate\View\View->renderContents()
#5 C:\CatalogueApi\vendor\illuminate\http\Response.php(42): Illuminate\View\View->render()
#6 C:\CatalogueApi\vendor\symfony\http-foundation\Response.php(202): Illuminate\Http\Response->setContent(Object(Illuminate\View\View))
#7 C:\CatalogueApi\vendor\laravel\lumen-framework\src\Concerns\RoutesRequests.php(438): Symfony\Component\HttpFoundation\Response->__construct(Object(Illuminate\View\View))
#8 C:\CatalogueApi\vendor\laravel\lumen-framework\src\Concerns\RoutesRequests.php(378): Laravel\Lumen\Application->prepareResponse(Object(Illuminate\View\View))
#9 C:\CatalogueApi\vendor\laravel\lumen-framework\src\Concerns\RoutesRequests.php(344): Laravel\Lumen\Application->callControllerCallable(Array, Array)
#10 C:\CatalogueApi\vendor\laravel\lumen-framework\src\Concerns\RoutesRequests.php(318): Laravel\Lumen\Application->callLumenController(Object(App\Http\Controllers\CatalogueController), 'show', Array)
#11 C:\CatalogueApi\vendor\laravel\lumen-framework\src\Concerns\RoutesRequests.php(280): Laravel\Lumen\Application->callControllerAction(Array)
#12 C:\CatalogueApi\vendor\laravel\lumen-framework\src\Concerns\RoutesRequests.php(265): Laravel\Lumen\Application->callActionOnArrayBasedRoute(Array)
#13 C:\CatalogueApi\vendor\laravel\lumen-framework\src\Concerns\RoutesRequests.php(235): Laravel\Lumen\Application->handleFoundRoute(Array)
#14 C:\CatalogueApi\vendor\laravel\lumen-framework\src\Concerns\RoutesRequests.php(169): Laravel\Lumen\Application->handleDispatcherResponse(Array)
#15 C:\CatalogueApi\vendor\laravel\lumen-framework\src\Concerns\RoutesRequests.php(418): Laravel\Lumen\Application->Laravel\Lumen\Concerns\{closure}(Object(Laravel\Lumen\Http\Request))
#16 C:\CatalogueApi\vendor\laravel\lumen-framework\src\Concerns\RoutesRequests.php(171): Laravel\Lumen\Application->sendThroughPipeline(Array, Object(Closure))
#17 C:\CatalogueApi\vendor\laravel\lumen-framework\src\Concerns\RoutesRequests.php(108): Laravel\Lumen\Application->dispatch(NULL)
#18 C:\CatalogueApi\public\index.php(28): Laravel\Lumen\Application->run()
#19 {main} {"exception":"[object] (ErrorException(code: 0): Undefined variable: catalogue (View: C:\\CatalogueApi\esources\\views\\catalogue.blade.php) at C:\\CatalogueApi\\storage\\framework\\views\\d04f4bb1460110ff2aec8d9d41350256e138707e.php:26, ErrorException(code: 0): Undefined variable: catalogue at C:\\CatalogueApi\\storage\\framework\\views\\d04f4bb1460110ff2aec8d9d41350256e138707e.php:26)
[stacktrace]
#0 C:\\CatalogueApi\\vendor\\illuminate\\view\\Engines\\PhpEngine.php(45): Illuminate\\View\\Engines\\CompilerEngine->handleViewException(Object(ErrorException), 1)
#1 C:\\CatalogueApi\\vendor\\illuminate\\view\\Engines\\CompilerEngine.php(59): Illuminate\\View\\Engines\\PhpEngine->evaluatePath('C:\\\\CatalogueApi...', Array)
#2 C:\\CatalogueApi\\vendor\\illuminate\\view\\View.php(142): Illuminate\\View\\Engines\\CompilerEngine->get('C:\\\\CatalogueApi...', Array)
#3 C:\\CatalogueApi\\vendor\\illuminate\\view\\View.php(125): Illuminate\\View\\View->getContents()
#4 C:\\CatalogueApi\\vendor\\illuminate\\view\\View.php(90): Illuminate\\View\\View->renderContents()
#5 C:\\CatalogueApi\\vendor\\illuminate\\http\\Response.php(42): Illuminate\\View\\View->render()
#6 C:\\CatalogueApi\\vendor\\symfony\\http-foundation\\Response.php(202): Illuminate\\Http\\Response->setContent(Object(Illuminate\\View\\View))
#7 C:\\CatalogueApi\\vendor\\laravel\\lumen-framework\\src\\Concerns\\RoutesRequests.php(438): Symfony\\Component\\HttpFoundation\\Response->__construct(Object(Illuminate\\View\\View))
#8 C:\\CatalogueApi\\vendor\\laravel\\lumen-framework\\src\\Concerns\\RoutesRequests.php(378): Laravel\\Lumen\\Application->prepareResponse(Object(Illuminate\\View\\View))
#9 C:\\CatalogueApi\\vendor\\laravel\\lumen-framework\\src\\Concerns\\RoutesRequests.php(344): Laravel\\Lumen\\Application->callControllerCallable(Array, Array)
#10 C:\\CatalogueApi\\vendor\\laravel\\lumen-framework\\src\\Concerns\\RoutesRequests.php(318): Laravel\\Lumen\\Application->callLumenController(Object(App\\Http\\Controllers\\CatalogueController), 'show', Array)
#11 C:\\CatalogueApi\\vendor\\laravel\\lumen-framework\\src\\Concerns\\RoutesRequests.php(280): Laravel\\Lumen\\Application->callControllerAction(Array)
#12 C:\\CatalogueApi\\vendor\\laravel\\lumen-framework\\src\\Concerns\\RoutesRequests.php(265): Laravel\\Lumen\\Application->callActionOnArrayBasedRoute(Array)
#13 C:\\CatalogueApi\\vendor\\laravel\\lumen-framework\\src\\Concerns\\RoutesRequests.php(235): Laravel\\Lumen\\Application->handleFoundRoute(Array)
#14 C:\\CatalogueApi\\vendor\\laravel\\lumen-framework\\src\\Concerns\\RoutesRequests.php(169): Laravel\\Lumen\\Application->handleDispatcherResponse(Array)
#15 C:\\CatalogueApi\\vendor\\laravel\\lumen-framework\\src\\Concerns\\RoutesRequests.php(418): Laravel\\Lumen\\Application->Laravel\\Lumen\\Concerns\\{closure}(Object(Laravel\\Lumen\\Http\\Request))
#16 C:\\CatalogueApi\\vendor\\laravel\\lumen-framework\\src\\Concerns\\RoutesRequests.php(171): Laravel\\Lumen\\Application->sendThroughPipeline(Array, Object(Closure))
#17 C:\\CatalogueApi\\vendor\\laravel\\lumen-framework\\src\\Concerns\\RoutesRequests.php(108): Laravel\\Lumen\\Application->dispatch(NULL)
#18 C:\\CatalogueApi\\public\\index.php(28): Laravel\\Lumen\\Application->run()
#19 {main}
"} 
[2020-01-05 14:45:44] local.ERROR: ErrorException: Undefined variable: catalogue in C:\CatalogueApi\storage\framework\views\2b7c6e6f53a0da0b857f001ea6b819cf86e7b33c.php:26
Stack trace:
#0 C:\CatalogueApi\storage\framework\views\2b7c6e6f53a0da0b857f001ea6b819cf86e7b33c.php(26): Laravel\Lumen\Application->Laravel\Lumen\Concerns\{closure}(8, 'Undefined varia...', 'C:\\CatalogueApi...', 26, Array)
#1 C:\CatalogueApi\vendor\illuminate\view\Engines\PhpEngine.php(43): include('C:\\CatalogueApi...')
#2 C:\CatalogueApi\vendor\illuminate\view\Engines\CompilerEngine.php(59): Illuminate\View\Engines\PhpEngine->evaluatePath('C:\\CatalogueApi...', Array)
#3 C:\CatalogueApi\vendor\illuminate\view\View.php(142): Illuminate\View\Engines\CompilerEngine->get('C:\\CatalogueApi...', Array)
#4 C:\CatalogueApi\vendor\illuminate\view\View.php(125): Illuminate\View\View->getContents()
#5 C:\CatalogueApi\vendor\illuminate\view\View.php(90): Illuminate\View\View->renderContents()
#6 C:\CatalogueApi\vendor\illuminate\http\Response.php(42): Illuminate\View\View->render()
#7 C:\CatalogueApi\vendor\symfony\http-foundation\Response.php(202): Illuminate\Http\Response->setContent(Object(Illuminate\View\View))
#8 C:\CatalogueApi\vendor\laravel\lumen-framework\src\Concerns\RoutesRequests.php(438): Symfony\Component\HttpFoundation\Response->__construct(Object(Illuminate\View\View))
#9 C:\CatalogueApi\vendor\laravel\lumen-framework\src\Concerns\RoutesRequests.php(378): Laravel\Lumen\Application->prepareResponse(Object(Illuminate\View\View))
#10 C:\CatalogueApi\vendor\laravel\lumen-framework\src\Concerns\RoutesRequests.php(344): Laravel\Lumen\Application->callControllerCallable(Array, Array)
#11 C:\CatalogueApi\vendor\laravel\lumen-framework\src\Concerns\RoutesRequests.php(318): Laravel\Lumen\Application->callLumenController(Object(App\Http\Controllers\CatalogueController), 'show', Array)
#12 C:\CatalogueApi\vendor\laravel\lumen-framework\src\Concerns\RoutesRequests.php(280): Laravel\Lumen\Application->callControllerAction(Array)
#13 C:\CatalogueApi\vendor\laravel\lumen-framework\src\Concerns\RoutesRequests.php(265): Laravel\Lumen\Application->callActionOnArrayBasedRoute(Array)
#14 C:\CatalogueApi\vendor\laravel\lumen-framework\src\Concerns\RoutesRequests.php(235): Laravel\Lumen\Application->handleFoundRoute(Array)
#15 C:\CatalogueApi\vendor\laravel\lumen-framework\src\Concerns\RoutesRequests.php(169): Laravel\Lumen\Application->handleDispatcherResponse(Array)
#16 C:\CatalogueApi\vendor\laravel\lumen-framework\src\Concerns\RoutesRequests.php(418): Laravel\Lumen\Application->Laravel\Lumen\Concerns\{closure}(Object(Laravel\Lumen\Http\Request))
#17 C:\CatalogueApi\vendor\laravel\lumen-framework\src\Concerns\RoutesRequests.php(171): Laravel\Lumen\Application->sendThroughPipeline(Array, Object(Closure))
#18 C:\CatalogueApi\vendor\laravel\lumen-framework\src\Concerns\RoutesRequests.php(108): Laravel\Lumen\Application->dispatch(NULL)
#19 C:\CatalogueApi\public\index.php(28): Laravel\Lumen\Application->run()
#20 {main}

Next ErrorException: Undefined variable: catalogue (View: C:\CatalogueApi\resources\views\catalogues.blade.php) in C:\CatalogueApi\storage\framework\views\2b7c6e6f53a0da0b857f001ea6b819cf86e7b33c.php:26
Stack trace:
#0 C:\CatalogueApi\vendor\illuminate\view\Engines\PhpEngine.php(45): Illuminate\View\Engines\CompilerEngine->handleViewException(Object(ErrorException), 1)
#1 C:\CatalogueApi\vendor\illuminate\view\Engines\CompilerEngine.php(59): Illuminate\View\Engines\PhpEngine->evaluatePath('C:\\CatalogueApi...', Array)
#2 C:\CatalogueApi\vendor\illuminate\view\View.php(142): Illuminate\View\Engines\CompilerEngine->get('C:\\CatalogueApi...', Array)
#3 C:\CatalogueApi\vendor\illuminate\view\View.php(125): Illuminate\View\View->getContents()
#4 C:\CatalogueApi\vendor\illuminate\view\View.php(90): Illuminate\View\View->renderContents()
#5 C:\CatalogueApi\vendor\illuminate\http\Response.php(42): Illuminate\View\View->render()
#6 C:\CatalogueApi\vendor\symfony\http-foundation\Response.php(202): Illuminate\Http\Response->setContent(Object(Illuminate\View\View))
#7 C:\CatalogueApi\vendor\laravel\lumen-framework\src\Concerns\RoutesRequests.php(438): Symfony\Component\HttpFoundation\Response->__construct(Object(Illuminate\View\View))
#8 C:\CatalogueApi\vendor\laravel\lumen-framework\src\Concerns\RoutesRequests.php(378): Laravel\Lumen\Application->prepareResponse(Object(Illuminate\View\View))
#9 C:\CatalogueApi\vendor\laravel\lumen-framework\src\Concerns\RoutesRequests.php(344): Laravel\Lumen\Application->callControllerCallable(Array, Array)
#10 C:\CatalogueApi\vendor\laravel\lumen-framework\src\Concerns\RoutesRequests.php(318): Laravel\Lumen\Application->callLumenController(Object(App\Http\Controllers\CatalogueController), 'show', Array)
#11 C:\CatalogueApi\vendor\laravel\lumen-framework\src\Concerns\RoutesRequests.php(280): Laravel\Lumen\Application->callControllerAction(Array)
#12 C:\CatalogueApi\vendor\laravel\lumen-framework\src\Concerns\RoutesRequests.php(265): Laravel\Lumen\Application->callActionOnArrayBasedRoute(Array)
#13 C:\CatalogueApi\vendor\laravel\lumen-framework\src\Concerns\RoutesRequests.php(235): Laravel\Lumen\Application->handleFoundRoute(Array)
#14 C:\CatalogueApi\vendor\laravel\lumen-framework\src\Concerns\RoutesRequests.php(169): Laravel\Lumen\Application->handleDispatcherResponse(Array)
#15 C:\CatalogueApi\vendor\laravel\lumen-framework\src\Concerns\RoutesRequests.php(418): Laravel\Lumen\Application->Laravel\Lumen\Concerns\{closure}(Object(Laravel\Lumen\Http\Request))
#16 C:\CatalogueApi\vendor\laravel\lumen-framework\src\Concerns\RoutesRequests.php(171): Laravel\Lumen\Application->sendThroughPipeline(Array, Object(Closure))
#17 C:\CatalogueApi\vendor\laravel\lumen-framework\src\Concerns\RoutesRequests.php(108): Laravel\Lumen\Application->dispatch(NULL)
#18 C:\CatalogueApi\public\index.php(28): Laravel\Lumen\Application->run()
#19 {main} {"exception":"[object] (ErrorException(code: 0): Undefined variable: catalogue (View: C:\\CatalogueApi\esources\\views\\catalogues.blade.php) at C:\\CatalogueApi\\storage\\framework\\views\\2b7c6e6f53a0da0b857f001ea6b819cf86e7b33c.php:26, ErrorException(code: 0): Undefined variable: catalogue at C:\\CatalogueApi\\storage\\framework\\views\\2b7c6e6f53a0da0b857f001ea6b819cf86e7b33c.php:26)
[stacktrace]
#0 C:\\CatalogueApi\\vendor\\illuminate\\view\\Engines\\PhpEngine.php(45): Illuminate\\View\\Engines\\CompilerEngine->handleViewException(Object(ErrorException), 1)
#1 C:\\CatalogueApi\\vendor\\illuminate\\view\\Engines\\CompilerEngine.php(59): Illuminate\\View\\Engines\\PhpEngine->evaluatePath('C:\\\\CatalogueApi...', Array)
#2 C:\\CatalogueApi\\vendor\\illuminate\\view\\View.php(142): Illuminate\\View\\Engines\\CompilerEngine->get('C:\\\\CatalogueApi...', Array)
#3 C:\\CatalogueApi\\vendor\\illuminate\\view\\View.php(125): Illuminate\\View\\View->getContents()
#4 C:\\CatalogueApi\\vendor\\illuminate\\view\\View.php(90): Illuminate\\View\\View->renderContents()
#5 C:\\CatalogueApi\\vendor\\illuminate\\http\\Response.php(42): Illuminate\\View\\View->render()
#6 C:\\CatalogueApi\\vendor\\symfony\\http-foundation\\Response.php(202): Illuminate\\Http\\Response->setContent(Object(Illuminate\\View\\View))
#7 C:\\CatalogueApi\\vendor\\laravel\\lumen-framework\\src\\Concerns\\RoutesRequests.php(438): Symfony\\Component\\HttpFoundation\\Response->__construct(Object(Illuminate\\View\\View))
#8 C:\\CatalogueApi\\vendor\\laravel\\lumen-framework\\src\\Concerns\\RoutesRequests.php(378): Laravel\\Lumen\\Application->prepareResponse(Object(Illuminate\\View\\View))
#9 C:\\CatalogueApi\\vendor\\laravel\\lumen-framework\\src\\Concerns\\RoutesRequests.php(344): Laravel\\Lumen\\Application->callControllerCallable(Array, Array)
#10 C:\\CatalogueApi\\vendor\\laravel\\lumen-framework\\src\\Concerns\\RoutesRequests.php(318): Laravel\\Lumen\\Application->callLumenController(Object(App\\Http\\Controllers\\CatalogueController), 'show', Array)
#11 C:\\CatalogueApi\\vendor\\laravel\\lumen-framework\\src\\Concerns\\RoutesRequests.php(280): Laravel\\Lumen\\Application->callControllerAction(Array)
#12 C:\\CatalogueApi\\vendor\\laravel\\lumen-framework\\src\\Concerns\\RoutesRequests.php(265): Laravel\\Lumen\\Application->callActionOnArrayBasedRoute(Array)
#13 C:\\CatalogueApi\\vendor\\laravel\\lumen-framework\\src\\Concerns\\RoutesRequests.php(235): Laravel\\Lumen\\Application->handleFoundRoute(Array)
#14 C:\\CatalogueApi\\vendor\\laravel\\lumen-framework\\src\\Concerns\\RoutesRequests.php(169): Laravel\\Lumen\\Application->handleDispatcherResponse(Array)
#15 C:\\CatalogueApi\\vendor\\laravel\\lumen-framework\\src\\Concerns\\RoutesRequests.php(418): Laravel\\Lumen\\Application->Laravel\\Lumen\\Concerns\\{closure}(Object(Laravel\\Lumen\\Http\\Request))
#16 C:\\CatalogueApi\\vendor\\laravel\\lumen-framework\\src\\Concerns\\RoutesRequests.php(171): Laravel\\Lumen\\Application->sendThroughPipeline(Array, Object(Closure))
#17 C:\\CatalogueApi\\vendor\\laravel\\lumen-framework\\src\\Concerns\\RoutesRequests.php(108): Laravel\\Lumen\\Application->dispatch(NULL)
#18 C:\\CatalogueApi\\public\\index.php(28): Laravel\\Lumen\\Application->run()
#19 {main}
"} 
[2020-01-05 14:45:53] local.ERROR: ErrorException: Undefined variable: catalogue in C:\CatalogueApi\storage\framework\views\2b7c6e6f53a0da0b857f001ea6b819cf86e7b33c.php:41
Stack trace:
#0 C:\CatalogueApi\storage\framework\views\2b7c6e6f53a0da0b857f001ea6b819cf86e7b33c.php(41): Laravel\Lumen\Application->Laravel\Lumen\Concerns\{closure}(8, 'Undefined varia...', 'C:\\CatalogueApi...', 41, Array)
#1 C:\CatalogueApi\vendor\illuminate\view\Engines\PhpEngine.php(43): include('C:\\CatalogueApi...')
#2 C:\CatalogueApi\vendor\illuminate\view\Engines\CompilerEngine.php(59): Illuminate\View\Engines\PhpEngine->evaluatePath('C:\\CatalogueApi...', Array)
#3 C:\CatalogueApi\vendor\illuminate\view\View.php(142): Illuminate\View\Engines\CompilerEngine->get('C:\\CatalogueApi...', Array)
#4 C:\CatalogueApi\vendor\illuminate\view\View.php(125): Illuminate\View\View->getContents()
#5 C:\CatalogueApi\vendor\illuminate\view\View.php(90): Illuminate\View\View->renderContents()
#6 C:\CatalogueApi\vendor\illuminate\http\Response.php(42): Illuminate\View\View->render()
#7 C:\CatalogueApi\vendor\symfony\http-foundation\Response.php(202): Illuminate\Http\Response->setContent(Object(Illuminate\View\View))
#8 C:\CatalogueApi\vendor\laravel\lumen-framework\src\Concerns\RoutesRequests.php(438): Symfony\Component\HttpFoundation\Response->__construct(Object(Illuminate\View\View))
#9 C:\CatalogueApi\vendor\laravel\lumen-framework\src\Concerns\RoutesRequests.php(378): Laravel\Lumen\Application->prepareResponse(Object(Illuminate\View\View))
#10 C:\CatalogueApi\vendor\laravel\lumen-framework\src\Concerns\RoutesRequests.php(344): Laravel\Lumen\Application->callControllerCallable(Array, Array)
#11 C:\CatalogueApi\vendor\laravel\lumen-framework\src\Concerns\RoutesRequests.php(318): Laravel\Lumen\Application->callLumenController(Object(App\Http\Controllers\CatalogueController), 'show', Array)
#12 C:\CatalogueApi\vendor\laravel\lumen-framework\src\Concerns\RoutesRequests.php(280): Laravel\Lumen\Application->callControllerAction(Array)
#13 C:\CatalogueApi\vendor\laravel\lumen-framework\src\Concerns\RoutesRequests.php(265): Laravel\Lumen\Application->callActionOnArrayBasedRoute(Array)
#14 C:\CatalogueApi\vendor\laravel\lumen-framework\src\Concerns\RoutesRequests.php(235): Laravel\Lumen\Application->handleFoundRoute(Array)
#15 C:\CatalogueApi\vendor\laravel\lumen-framework\src\Concerns\RoutesRequests.php(169): Laravel\Lumen\Application->handleDispatcherResponse(Array)
#16 C:\CatalogueApi\vendor\laravel\lumen-framework\src\Concerns\RoutesRequests.php(418): Laravel\Lumen\Application->Laravel\Lumen\Concerns\{closure}(Object(Laravel\Lumen\Http\Request))
#17 C:\CatalogueApi\vendor\laravel\lumen-framework\src\Concerns\RoutesRequests.php(171): Laravel\Lumen\Application->sendThroughPipeline(Array, Object(Closure))
#18 C:\CatalogueApi\vendor\laravel\lumen-framework\src\Concerns\RoutesRequests.php(108): Laravel\Lumen\Application->dispatch(NULL)
#19 C:\CatalogueApi\public\index.php(28): Laravel\Lumen\Application->run()
#20 {main}

Next ErrorException: Undefined variable: catalogue (View: C:\CatalogueApi\resources\views\catalogues.blade.php) in C:\CatalogueApi\storage\framework\views\2b7c6e6f53a0da0b857f001ea6b819cf86e7b33c.php:41
Stack trace:
#0 C:\CatalogueApi\vendor\illuminate\view\Engines\PhpEngine.php(45): Illuminate\View\Engines\CompilerEngine->handleViewException(Object(ErrorException), 1)
#1 C:\CatalogueApi\vendor\illuminate\view\Engines\CompilerEngine.php(59): Illuminate\View\Engines\PhpEngine->evaluatePath('C:\\CatalogueApi...', Array)
#2 C:\CatalogueApi\vendor\illuminate\view\View.php(142): Illuminate\View\Engines\CompilerEngine->get('C:\\CatalogueApi...', Array)
#3 C:\CatalogueApi\vendor\illuminate\view\View.php(125): Illuminate\View\View->getContents()
#4 C:\CatalogueApi\vendor\illuminate\view\View.php(90): Illuminate\View\View->renderContents()
#5 C:\CatalogueApi\vendor\illuminate\http\Response.php(42): Illuminate\View\View->render()
#6 C:\CatalogueApi\vendor\symfony\http-foundation\Response.php(202): Illuminate\Http\Response->setContent(Object(Illuminate\View\View))
#7 C:\CatalogueApi\vendor\laravel\lumen-framework\src\Concerns\RoutesRequests.php(438): Symfony\Component\HttpFoundation\Response->__construct(Object(Illuminate\View\View))
#8 C:\CatalogueApi\vendor\laravel\lumen-framework\src\Concerns\RoutesRequests.php(378): Laravel\Lumen\Application->prepareResponse(Object(Illuminate\View\View))
#9 C:\CatalogueApi\vendor\laravel\lumen-framework\src\Concerns\RoutesRequests.php(344): Laravel\Lumen\Application->callControllerCallable(Array, Array)
#10 C:\CatalogueApi\vendor\laravel\lumen-framework\src\Concerns\RoutesRequests.php(318): Laravel\Lumen\Application->callLumenController(Object(App\Http\Controllers\CatalogueController), 'show', Array)
#11 C:\CatalogueApi\vendor\laravel\lumen-framework\src\Concerns\RoutesRequests.php(280): Laravel\Lumen\Application->callControllerAction(Array)
#12 C:\CatalogueApi\vendor\laravel\lumen-framework\src\Concerns\RoutesRequests.php(265): Laravel\Lumen\Application->callActionOnArrayBasedRoute(Array)
#13 C:\CatalogueApi\vendor\laravel\lumen-framework\src\Concerns\RoutesRequests.php(235): Laravel\Lumen\Application->handleFoundRoute(Array)
#14 C:\CatalogueApi\vendor\laravel\lumen-framework\src\Concerns\RoutesRequests.php(169): Laravel\Lumen\Application->handleDispatcherResponse(Array)
#15 C:\CatalogueApi\vendor\laravel\lumen-framework\src\Concerns\RoutesRequests.php(418): Laravel\Lumen\Application->Laravel\Lumen\Concerns\{closure}(Object(Laravel\Lumen\Http\Request))
#16 C:\CatalogueApi\vendor\laravel\lumen-framework\src\Concerns\RoutesRequests.php(171): Laravel\Lumen\Application->sendThroughPipeline(Array, Object(Closure))
#17 C:\CatalogueApi\vendor\laravel\lumen-framework\src\Concerns\RoutesRequests.php(108): Laravel\Lumen\Application->dispatch(NULL)
#18 C:\CatalogueApi\public\index.php(28): Laravel\Lumen\Application->run()
#19 {main} {"exception":"[object] (ErrorException(code: 0): Undefined variable: catalogue (View: C:\\CatalogueApi\esources\\views\\catalogues.blade.php) at C:\\CatalogueApi\\storage\\framework\\views\\2b7c6e6f53a0da0b857f001ea6b819cf86e7b33c.php:41, ErrorException(code: 0): Undefined variable: catalogue at C:\\CatalogueApi\\storage\\framework\\views\\2b7c6e6f53a0da0b857f001ea6b819cf86e7b33c.php:41)
[stacktrace]
#0 C:\\CatalogueApi\\vendor\\illuminate\\view\\Engines\\PhpEngine.php(45): Illuminate\\View\\Engines\\CompilerEngine->handleViewException(Object(ErrorException), 1)
#1 C:\\CatalogueApi\\vendor\\illuminate\\view\\Engines\\CompilerEngine.php(59): Illuminate\\View\\Engines\\PhpEngine->evaluatePath('C:\\\\CatalogueApi...', Array)
#2 C:\\CatalogueApi\\vendor\\illuminate\\view\\View.php(142): Illuminate\\View\\Engines\\CompilerEngine->get('C:\\\\CatalogueApi...', Array)
#3 C:\\CatalogueApi\\vendor\\illuminate\\view\\View.php(125): Illuminate\\View\\View->getContents()
#4 C:\\CatalogueApi\\vendor\\illuminate\\view\\View.php(90): Illuminate\\View\\View->renderContents()
#5 C:\\CatalogueApi\\vendor\\illuminate\\http\\Response.php(42): Illuminate\\View\\View->render()
#6 C:\\CatalogueApi\\vendor\\symfony\\http-foundation\\Response.php(202): Illuminate\\Http\\Response->setContent(Object(Illuminate\\View\\View))
#7 C:\\CatalogueApi\\vendor\\laravel\\lumen-framework\\src\\Concerns\\RoutesRequests.php(438): Symfony\\Component\\HttpFoundation\\Response->__construct(Object(Illuminate\\View\\View))
#8 C:\\CatalogueApi\\vendor\\laravel\\lumen-framework\\src\\Concerns\\RoutesRequests.php(378): Laravel\\Lumen\\Application->prepareResponse(Object(Illuminate\\View\\View))
#9 C:\\CatalogueApi\\vendor\\laravel\\lumen-framework\\src\\Concerns\\RoutesRequests.php(344): Laravel\\Lumen\\Application->callControllerCallable(Array, Array)
#10 C:\\CatalogueApi\\vendor\\laravel\\lumen-framework\\src\\Concerns\\RoutesRequests.php(318): Laravel\\Lumen\\Application->callLumenController(Object(App\\Http\\Controllers\\CatalogueController), 'show', Array)
#11 C:\\CatalogueApi\\vendor\\laravel\\lumen-framework\\src\\Concerns\\RoutesRequests.php(280): Laravel\\Lumen\\Application->callControllerAction(Array)
#12 C:\\CatalogueApi\\vendor\\laravel\\lumen-framework\\src\\Concerns\\RoutesRequests.php(265): Laravel\\Lumen\\Application->callActionOnArrayBasedRoute(Array)
#13 C:\\CatalogueApi\\vendor\\laravel\\lumen-framework\\src\\Concerns\\RoutesRequests.php(235): Laravel\\Lumen\\Application->handleFoundRoute(Array)
#14 C:\\CatalogueApi\\vendor\\laravel\\lumen-framework\\src\\Concerns\\RoutesRequests.php(169): Laravel\\Lumen\\Application->handleDispatcherResponse(Array)
#15 C:\\CatalogueApi\\vendor\\laravel\\lumen-framework\\src\\Concerns\\RoutesRequests.php(418): Laravel\\Lumen\\Application->Laravel\\Lumen\\Concerns\\{closure}(Object(Laravel\\Lumen\\Http\\Request))
#16 C:\\CatalogueApi\\vendor\\laravel\\lumen-framework\\src\\Concerns\\RoutesRequests.php(171): Laravel\\Lumen\\Application->sendThroughPipeline(Array, Object(Closure))
#17 C:\\CatalogueApi\\vendor\\laravel\\lumen-framework\\src\\Concerns\\RoutesRequests.php(108): Laravel\\Lumen\\Application->dispatch(NULL)
#18 C:\\CatalogueApi\\public\\index.php(28): Laravel\\Lumen\\Application->run()
#19 {main}
"} 
[2020-01-05 14:46:34] local.ERROR: InvalidArgumentException: View [catalogue] not found. in C:\CatalogueApi\vendor\illuminate\view\FileViewFinder.php:137
Stack trace:
#0 C:\CatalogueApi\vendor\illuminate\view\FileViewFinder.php(79): Illuminate\View\FileViewFinder->findInPaths('catalogue', Array)
#1 C:\CatalogueApi\vendor\illuminate\view\Factory.php(130): Illuminate\View\FileViewFinder->find('catalogue')
#2 C:\CatalogueApi\vendor\laravel\lumen-framework\src\helpers.php(431): Illuminate\View\Factory->make('catalogue', Array, Array)
#3 C:\CatalogueApi\app\Http\Controllers\CatalogueController.php(66): view('catalogue', Array)
#4 [internal function]: App\Http\Controllers\CatalogueController->show(Object(App\Catalogue))
#5 C:\CatalogueApi\vendor\illuminate\container\BoundMethod.php(29): call_user_func_array(Array, Array)
#6 C:\CatalogueApi\vendor\illuminate\container\BoundMethod.php(87): Illuminate\Container\BoundMethod::Illuminate\Container\{closure}()
#7 C:\CatalogueApi\vendor\illuminate\container\BoundMethod.php(31): Illuminate\Container\BoundMethod::callBoundMethod(Object(Laravel\Lumen\Application), Array, Object(Closure))
#8 C:\CatalogueApi\vendor\illuminate\container\Container.php(572): Illuminate\Container\BoundMethod::call(Object(Laravel\Lumen\Application), Array, Array, NULL)
#9 C:\CatalogueApi\vendor\laravel\lumen-framework\src\Concerns\RoutesRequests.php(378): Illuminate\Container\Container->call(Array, Array)
#10 C:\CatalogueApi\vendor\laravel\lumen-framework\src\Concerns\RoutesRequests.php(344): Laravel\Lumen\Application->callControllerCallable(Array, Array)
#11 C:\CatalogueApi\vendor\laravel\lumen-framework\src\Concerns\RoutesRequests.php(318): Laravel\Lumen\Application->callLumenController(Object(App\Http\Controllers\CatalogueController), 'show', Array)
#12 C:\CatalogueApi\vendor\laravel\lumen-framework\src\Concerns\RoutesRequests.php(280): Laravel\Lumen\Application->callControllerAction(Array)
#13 C:\CatalogueApi\vendor\laravel\lumen-framework\src\Concerns\RoutesRequests.php(265): Laravel\Lumen\Application->callActionOnArrayBasedRoute(Array)
#14 C:\CatalogueApi\vendor\laravel\lumen-framework\src\Concerns\RoutesRequests.php(235): Laravel\Lumen\Application->handleFoundRoute(Array)
#15 C:\CatalogueApi\vendor\laravel\lumen-framework\src\Concerns\RoutesRequests.php(169): Laravel\Lumen\Application->handleDispatcherResponse(Array)
#16 C:\CatalogueApi\vendor\laravel\lumen-framework\src\Concerns\RoutesRequests.php(418): Laravel\Lumen\Application->Laravel\Lumen\Concerns\{closure}(Object(Laravel\Lumen\Http\Request))
#17 C:\CatalogueApi\vendor\laravel\lumen-framework\src\Concerns\RoutesRequests.php(171): Laravel\Lumen\Application->sendThroughPipeline(Array, Object(Closure))
#18 C:\CatalogueApi\vendor\laravel\lumen-framework\src\Concerns\RoutesRequests.php(108): Laravel\Lumen\Application->dispatch(NULL)
#19 C:\CatalogueApi\public\index.php(28): Laravel\Lumen\Application->run()
#20 {main} {"exception":"[object] (InvalidArgumentException(code: 0): View [catalogue] not found. at C:\\CatalogueApi\\vendor\\illuminate\\view\\FileViewFinder.php:137)
[stacktrace]
#0 C:\\CatalogueApi\\vendor\\illuminate\\view\\FileViewFinder.php(79): Illuminate\\View\\FileViewFinder->findInPaths('catalogue', Array)
#1 C:\\CatalogueApi\\vendor\\illuminate\\view\\Factory.php(130): Illuminate\\View\\FileViewFinder->find('catalogue')
#2 C:\\CatalogueApi\\vendor\\laravel\\lumen-framework\\src\\helpers.php(431): Illuminate\\View\\Factory->make('catalogue', Array, Array)
#3 C:\\CatalogueApi\\app\\Http\\Controllers\\CatalogueController.php(66): view('catalogue', Array)
#4 [internal function]: App\\Http\\Controllers\\CatalogueController->show(Object(App\\Catalogue))
#5 C:\\CatalogueApi\\vendor\\illuminate\\container\\BoundMethod.php(29): call_user_func_array(Array, Array)
#6 C:\\CatalogueApi\\vendor\\illuminate\\container\\BoundMethod.php(87): Illuminate\\Container\\BoundMethod::Illuminate\\Container\\{closure}()
#7 C:\\CatalogueApi\\vendor\\illuminate\\container\\BoundMethod.php(31): Illuminate\\Container\\BoundMethod::callBoundMethod(Object(Laravel\\Lumen\\Application), Array, Object(Closure))
#8 C:\\CatalogueApi\\vendor\\illuminate\\container\\Container.php(572): Illuminate\\Container\\BoundMethod::call(Object(Laravel\\Lumen\\Application), Array, Array, NULL)
#9 C:\\CatalogueApi\\vendor\\laravel\\lumen-framework\\src\\Concerns\\RoutesRequests.php(378): Illuminate\\Container\\Container->call(Array, Array)
#10 C:\\CatalogueApi\\vendor\\laravel\\lumen-framework\\src\\Concerns\\RoutesRequests.php(344): Laravel\\Lumen\\Application->callControllerCallable(Array, Array)
#11 C:\\CatalogueApi\\vendor\\laravel\\lumen-framework\\src\\Concerns\\RoutesRequests.php(318): Laravel\\Lumen\\Application->callLumenController(Object(App\\Http\\Controllers\\CatalogueController), 'show', Array)
#12 C:\\CatalogueApi\\vendor\\laravel\\lumen-framework\\src\\Concerns\\RoutesRequests.php(280): Laravel\\Lumen\\Application->callControllerAction(Array)
#13 C:\\CatalogueApi\\vendor\\laravel\\lumen-framework\\src\\Concerns\\RoutesRequests.php(265): Laravel\\Lumen\\Application->callActionOnArrayBasedRoute(Array)
#14 C:\\CatalogueApi\\vendor\\laravel\\lumen-framework\\src\\Concerns\\RoutesRequests.php(235): Laravel\\Lumen\\Application->handleFoundRoute(Array)
#15 C:\\CatalogueApi\\vendor\\laravel\\lumen-framework\\src\\Concerns\\RoutesRequests.php(169): Laravel\\Lumen\\Application->handleDispatcherResponse(Array)
#16 C:\\CatalogueApi\\vendor\\laravel\\lumen-framework\\src\\Concerns\\RoutesRequests.php(418): Laravel\\Lumen\\Application->Laravel\\Lumen\\Concerns\\{closure}(Object(Laravel\\Lumen\\Http\\Request))
#17 C:\\CatalogueApi\\vendor\\laravel\\lumen-framework\\src\\Concerns\\RoutesRequests.php(171): Laravel\\Lumen\\Application->sendThroughPipeline(Array, Object(Closure))
#18 C:\\CatalogueApi\\vendor\\laravel\\lumen-framework\\src\\Concerns\\RoutesRequests.php(108): Laravel\\Lumen\\Application->dispatch(NULL)
#19 C:\\CatalogueApi\\public\\index.php(28): Laravel\\Lumen\\Application->run()
#20 {main}
"} 
