[2020-01-09 13:32:33] local.ERROR: ErrorException: Undefined variable: catalogue in C:\CataloguesApi\storage\framework\views\ea9a04258784e94635ca05481a7d502ac9f7afb4.php:26
Stack trace:
#0 C:\CataloguesApi\storage\framework\views\ea9a04258784e94635ca05481a7d502ac9f7afb4.php(26): Laravel\Lumen\Application->Laravel\Lumen\Concerns\{closure}(8, 'Undefined varia...', 'C:\\CataloguesAp...', 26, Array)
#1 C:\CataloguesApi\vendor\illuminate\view\Engines\PhpEngine.php(43): include('C:\\CataloguesAp...')
#2 C:\CataloguesApi\vendor\illuminate\view\Engines\CompilerEngine.php(59): Illuminate\View\Engines\PhpEngine->evaluatePath('C:\\CataloguesAp...', Array)
#3 C:\CataloguesApi\vendor\illuminate\view\View.php(142): Illuminate\View\Engines\CompilerEngine->get('C:\\CataloguesAp...', Array)
#4 C:\CataloguesApi\vendor\illuminate\view\View.php(125): Illuminate\View\View->getContents()
#5 C:\CataloguesApi\vendor\illuminate\view\View.php(90): Illuminate\View\View->renderContents()
#6 C:\CataloguesApi\vendor\illuminate\http\Response.php(42): Illuminate\View\View->render()
#7 C:\CataloguesApi\vendor\symfony\http-foundation\Response.php(202): Illuminate\Http\Response->setContent(Object(Illuminate\View\View))
#8 C:\CataloguesApi\vendor\laravel\lumen-framework\src\Concerns\RoutesRequests.php(438): Symfony\Component\HttpFoundation\Response->__construct(Object(Illuminate\View\View))
#9 C:\CataloguesApi\vendor\laravel\lumen-framework\src\Concerns\RoutesRequests.php(378): Laravel\Lumen\Application->prepareResponse(Object(Illuminate\View\View))
#10 C:\CataloguesApi\vendor\laravel\lumen-framework\src\Concerns\RoutesRequests.php(344): Laravel\Lumen\Application->callControllerCallable(Array, Array)
#11 C:\CataloguesApi\vendor\laravel\lumen-framework\src\Concerns\RoutesRequests.php(318): Laravel\Lumen\Application->callLumenController(Object(App\Http\Controllers\CatalogueController), 'views', Array)
#12 C:\CataloguesApi\vendor\laravel\lumen-framework\src\Concerns\RoutesRequests.php(280): Laravel\Lumen\Application->callControllerAction(Array)
#13 C:\CataloguesApi\vendor\laravel\lumen-framework\src\Concerns\RoutesRequests.php(265): Laravel\Lumen\Application->callActionOnArrayBasedRoute(Array)
#14 C:\CataloguesApi\vendor\laravel\lumen-framework\src\Concerns\RoutesRequests.php(165): Laravel\Lumen\Application->handleFoundRoute(Array)
#15 C:\CataloguesApi\vendor\laravel\lumen-framework\src\Concerns\RoutesRequests.php(418): Laravel\Lumen\Application->Laravel\Lumen\Concerns\{closure}(Object(Laravel\Lumen\Http\Request))
#16 C:\CataloguesApi\vendor\laravel\lumen-framework\src\Concerns\RoutesRequests.php(171): Laravel\Lumen\Application->sendThroughPipeline(Array, Object(Closure))
#17 C:\CataloguesApi\vendor\laravel\lumen-framework\src\Concerns\RoutesRequests.php(108): Laravel\Lumen\Application->dispatch(NULL)
#18 C:\CataloguesApi\public\index.php(28): Laravel\Lumen\Application->run()
#19 {main}

Next ErrorException: Undefined variable: catalogue (View: C:\CataloguesApi\resources\views\catalogue.blade.php) in C:\CataloguesApi\storage\framework\views\ea9a04258784e94635ca05481a7d502ac9f7afb4.php:26
Stack trace:
#0 C:\CataloguesApi\vendor\illuminate\view\Engines\PhpEngine.php(45): Illuminate\View\Engines\CompilerEngine->handleViewException(Object(ErrorException), 1)
#1 C:\CataloguesApi\vendor\illuminate\view\Engines\CompilerEngine.php(59): Illuminate\View\Engines\PhpEngine->evaluatePath('C:\\CataloguesAp...', Array)
#2 C:\CataloguesApi\vendor\illuminate\view\View.php(142): Illuminate\View\Engines\CompilerEngine->get('C:\\CataloguesAp...', Array)
#3 C:\CataloguesApi\vendor\illuminate\view\View.php(125): Illuminate\View\View->getContents()
#4 C:\CataloguesApi\vendor\illuminate\view\View.php(90): Illuminate\View\View->renderContents()
#5 C:\CataloguesApi\vendor\illuminate\http\Response.php(42): Illuminate\View\View->render()
#6 C:\CataloguesApi\vendor\symfony\http-foundation\Response.php(202): Illuminate\Http\Response->setContent(Object(Illuminate\View\View))
#7 C:\CataloguesApi\vendor\laravel\lumen-framework\src\Concerns\RoutesRequests.php(438): Symfony\Component\HttpFoundation\Response->__construct(Object(Illuminate\View\View))
#8 C:\CataloguesApi\vendor\laravel\lumen-framework\src\Concerns\RoutesRequests.php(378): Laravel\Lumen\Application->prepareResponse(Object(Illuminate\View\View))
#9 C:\CataloguesApi\vendor\laravel\lumen-framework\src\Concerns\RoutesRequests.php(344): Laravel\Lumen\Application->callControllerCallable(Array, Array)
#10 C:\CataloguesApi\vendor\laravel\lumen-framework\src\Concerns\RoutesRequests.php(318): Laravel\Lumen\Application->callLumenController(Object(App\Http\Controllers\CatalogueController), 'views', Array)
#11 C:\CataloguesApi\vendor\laravel\lumen-framework\src\Concerns\RoutesRequests.php(280): Laravel\Lumen\Application->callControllerAction(Array)
#12 C:\CataloguesApi\vendor\laravel\lumen-framework\src\Concerns\RoutesRequests.php(265): Laravel\Lumen\Application->callActionOnArrayBasedRoute(Array)
#13 C:\CataloguesApi\vendor\laravel\lumen-framework\src\Concerns\RoutesRequests.php(165): Laravel\Lumen\Application->handleFoundRoute(Array)
#14 C:\CataloguesApi\vendor\laravel\lumen-framework\src\Concerns\RoutesRequests.php(418): Laravel\Lumen\Application->Laravel\Lumen\Concerns\{closure}(Object(Laravel\Lumen\Http\Request))
#15 C:\CataloguesApi\vendor\laravel\lumen-framework\src\Concerns\RoutesRequests.php(171): Laravel\Lumen\Application->sendThroughPipeline(Array, Object(Closure))
#16 C:\CataloguesApi\vendor\laravel\lumen-framework\src\Concerns\RoutesRequests.php(108): Laravel\Lumen\Application->dispatch(NULL)
#17 C:\CataloguesApi\public\index.php(28): Laravel\Lumen\Application->run()
#18 {main} {"exception":"[object] (ErrorException(code: 0): Undefined variable: catalogue (View: C:\\CataloguesApi\esources\\views\\catalogue.blade.php) at C:\\CataloguesApi\\storage\\framework\\views\\ea9a04258784e94635ca05481a7d502ac9f7afb4.php:26, ErrorException(code: 0): Undefined variable: catalogue at C:\\CataloguesApi\\storage\\framework\\views\\ea9a04258784e94635ca05481a7d502ac9f7afb4.php:26)
[stacktrace]
#0 C:\\CataloguesApi\\vendor\\illuminate\\view\\Engines\\PhpEngine.php(45): Illuminate\\View\\Engines\\CompilerEngine->handleViewException(Object(ErrorException), 1)
#1 C:\\CataloguesApi\\vendor\\illuminate\\view\\Engines\\CompilerEngine.php(59): Illuminate\\View\\Engines\\PhpEngine->evaluatePath('C:\\\\CataloguesAp...', Array)
#2 C:\\CataloguesApi\\vendor\\illuminate\\view\\View.php(142): Illuminate\\View\\Engines\\CompilerEngine->get('C:\\\\CataloguesAp...', Array)
#3 C:\\CataloguesApi\\vendor\\illuminate\\view\\View.php(125): Illuminate\\View\\View->getContents()
#4 C:\\CataloguesApi\\vendor\\illuminate\\view\\View.php(90): Illuminate\\View\\View->renderContents()
#5 C:\\CataloguesApi\\vendor\\illuminate\\http\\Response.php(42): Illuminate\\View\\View->render()
#6 C:\\CataloguesApi\\vendor\\symfony\\http-foundation\\Response.php(202): Illuminate\\Http\\Response->setContent(Object(Illuminate\\View\\View))
#7 C:\\CataloguesApi\\vendor\\laravel\\lumen-framework\\src\\Concerns\\RoutesRequests.php(438): Symfony\\Component\\HttpFoundation\\Response->__construct(Object(Illuminate\\View\\View))
#8 C:\\CataloguesApi\\vendor\\laravel\\lumen-framework\\src\\Concerns\\RoutesRequests.php(378): Laravel\\Lumen\\Application->prepareResponse(Object(Illuminate\\View\\View))
#9 C:\\CataloguesApi\\vendor\\laravel\\lumen-framework\\src\\Concerns\\RoutesRequests.php(344): Laravel\\Lumen\\Application->callControllerCallable(Array, Array)
#10 C:\\CataloguesApi\\vendor\\laravel\\lumen-framework\\src\\Concerns\\RoutesRequests.php(318): Laravel\\Lumen\\Application->callLumenController(Object(App\\Http\\Controllers\\CatalogueController), 'views', Array)
#11 C:\\CataloguesApi\\vendor\\laravel\\lumen-framework\\src\\Concerns\\RoutesRequests.php(280): Laravel\\Lumen\\Application->callControllerAction(Array)
#12 C:\\CataloguesApi\\vendor\\laravel\\lumen-framework\\src\\Concerns\\RoutesRequests.php(265): Laravel\\Lumen\\Application->callActionOnArrayBasedRoute(Array)
#13 C:\\CataloguesApi\\vendor\\laravel\\lumen-framework\\src\\Concerns\\RoutesRequests.php(165): Laravel\\Lumen\\Application->handleFoundRoute(Array)
#14 C:\\CataloguesApi\\vendor\\laravel\\lumen-framework\\src\\Concerns\\RoutesRequests.php(418): Laravel\\Lumen\\Application->Laravel\\Lumen\\Concerns\\{closure}(Object(Laravel\\Lumen\\Http\\Request))
#15 C:\\CataloguesApi\\vendor\\laravel\\lumen-framework\\src\\Concerns\\RoutesRequests.php(171): Laravel\\Lumen\\Application->sendThroughPipeline(Array, Object(Closure))
#16 C:\\CataloguesApi\\vendor\\laravel\\lumen-framework\\src\\Concerns\\RoutesRequests.php(108): Laravel\\Lumen\\Application->dispatch(NULL)
#17 C:\\CataloguesApi\\public\\index.php(28): Laravel\\Lumen\\Application->run()
#18 {main}
"} 
[2020-01-09 13:34:21] local.ERROR: Symfony\Component\Debug\Exception\FatalThrowableError: Too few arguments to function App\Http\Controllers\CatalogueController::views(), 0 passed and exactly 1 expected in C:\CataloguesApi\app\Http\Controllers\CatalogueController.php:29
Stack trace:
#0 [internal function]: App\Http\Controllers\CatalogueController->views()
#1 C:\CataloguesApi\vendor\illuminate\container\BoundMethod.php(29): call_user_func_array(Array, Array)
#2 C:\CataloguesApi\vendor\illuminate\container\BoundMethod.php(87): Illuminate\Container\BoundMethod::Illuminate\Container\{closure}()
#3 C:\CataloguesApi\vendor\illuminate\container\BoundMethod.php(31): Illuminate\Container\BoundMethod::callBoundMethod(Object(Laravel\Lumen\Application), Array, Object(Closure))
#4 C:\CataloguesApi\vendor\illuminate\container\Container.php(572): Illuminate\Container\BoundMethod::call(Object(Laravel\Lumen\Application), Array, Array, NULL)
#5 C:\CataloguesApi\vendor\laravel\lumen-framework\src\Concerns\RoutesRequests.php(378): Illuminate\Container\Container->call(Array, Array)
#6 C:\CataloguesApi\vendor\laravel\lumen-framework\src\Concerns\RoutesRequests.php(344): Laravel\Lumen\Application->callControllerCallable(Array, Array)
#7 C:\CataloguesApi\vendor\laravel\lumen-framework\src\Concerns\RoutesRequests.php(318): Laravel\Lumen\Application->callLumenController(Object(App\Http\Controllers\CatalogueController), 'views', Array)
#8 C:\CataloguesApi\vendor\laravel\lumen-framework\src\Concerns\RoutesRequests.php(280): Laravel\Lumen\Application->callControllerAction(Array)
#9 C:\CataloguesApi\vendor\laravel\lumen-framework\src\Concerns\RoutesRequests.php(265): Laravel\Lumen\Application->callActionOnArrayBasedRoute(Array)
#10 C:\CataloguesApi\vendor\laravel\lumen-framework\src\Concerns\RoutesRequests.php(165): Laravel\Lumen\Application->handleFoundRoute(Array)
#11 C:\CataloguesApi\vendor\laravel\lumen-framework\src\Concerns\RoutesRequests.php(418): Laravel\Lumen\Application->Laravel\Lumen\Concerns\{closure}(Object(Laravel\Lumen\Http\Request))
#12 C:\CataloguesApi\vendor\laravel\lumen-framework\src\Concerns\RoutesRequests.php(171): Laravel\Lumen\Application->sendThroughPipeline(Array, Object(Closure))
#13 C:\CataloguesApi\vendor\laravel\lumen-framework\src\Concerns\RoutesRequests.php(108): Laravel\Lumen\Application->dispatch(NULL)
#14 C:\CataloguesApi\public\index.php(28): Laravel\Lumen\Application->run()
#15 {main} {"exception":"[object] (Symfony\\Component\\Debug\\Exception\\FatalThrowableError(code: 0): Too few arguments to function App\\Http\\Controllers\\CatalogueController::views(), 0 passed and exactly 1 expected at C:\\CataloguesApi\\app\\Http\\Controllers\\CatalogueController.php:29)
[stacktrace]
#0 [internal function]: App\\Http\\Controllers\\CatalogueController->views()
#1 C:\\CataloguesApi\\vendor\\illuminate\\container\\BoundMethod.php(29): call_user_func_array(Array, Array)
#2 C:\\CataloguesApi\\vendor\\illuminate\\container\\BoundMethod.php(87): Illuminate\\Container\\BoundMethod::Illuminate\\Container\\{closure}()
#3 C:\\CataloguesApi\\vendor\\illuminate\\container\\BoundMethod.php(31): Illuminate\\Container\\BoundMethod::callBoundMethod(Object(Laravel\\Lumen\\Application), Array, Object(Closure))
#4 C:\\CataloguesApi\\vendor\\illuminate\\container\\Container.php(572): Illuminate\\Container\\BoundMethod::call(Object(Laravel\\Lumen\\Application), Array, Array, NULL)
#5 C:\\CataloguesApi\\vendor\\laravel\\lumen-framework\\src\\Concerns\\RoutesRequests.php(378): Illuminate\\Container\\Container->call(Array, Array)
#6 C:\\CataloguesApi\\vendor\\laravel\\lumen-framework\\src\\Concerns\\RoutesRequests.php(344): Laravel\\Lumen\\Application->callControllerCallable(Array, Array)
#7 C:\\CataloguesApi\\vendor\\laravel\\lumen-framework\\src\\Concerns\\RoutesRequests.php(318): Laravel\\Lumen\\Application->callLumenController(Object(App\\Http\\Controllers\\CatalogueController), 'views', Array)
#8 C:\\CataloguesApi\\vendor\\laravel\\lumen-framework\\src\\Concerns\\RoutesRequests.php(280): Laravel\\Lumen\\Application->callControllerAction(Array)
#9 C:\\CataloguesApi\\vendor\\laravel\\lumen-framework\\src\\Concerns\\RoutesRequests.php(265): Laravel\\Lumen\\Application->callActionOnArrayBasedRoute(Array)
#10 C:\\CataloguesApi\\vendor\\laravel\\lumen-framework\\src\\Concerns\\RoutesRequests.php(165): Laravel\\Lumen\\Application->handleFoundRoute(Array)
#11 C:\\CataloguesApi\\vendor\\laravel\\lumen-framework\\src\\Concerns\\RoutesRequests.php(418): Laravel\\Lumen\\Application->Laravel\\Lumen\\Concerns\\{closure}(Object(Laravel\\Lumen\\Http\\Request))
#12 C:\\CataloguesApi\\vendor\\laravel\\lumen-framework\\src\\Concerns\\RoutesRequests.php(171): Laravel\\Lumen\\Application->sendThroughPipeline(Array, Object(Closure))
#13 C:\\CataloguesApi\\vendor\\laravel\\lumen-framework\\src\\Concerns\\RoutesRequests.php(108): Laravel\\Lumen\\Application->dispatch(NULL)
#14 C:\\CataloguesApi\\public\\index.php(28): Laravel\\Lumen\\Application->run()
#15 {main}
"} 
[2020-01-09 13:35:47] local.ERROR: Symfony\Component\Debug\Exception\FatalThrowableError: Call to a member function where() on string in C:\CataloguesApi\storage\framework\views\ea9a04258784e94635ca05481a7d502ac9f7afb4.php:26
Stack trace:
#0 C:\CataloguesApi\vendor\illuminate\view\Engines\PhpEngine.php(43): include()
#1 C:\CataloguesApi\vendor\illuminate\view\Engines\CompilerEngine.php(59): Illuminate\View\Engines\PhpEngine->evaluatePath('C:\\CataloguesAp...', Array)
#2 C:\CataloguesApi\vendor\illuminate\view\View.php(142): Illuminate\View\Engines\CompilerEngine->get('C:\\CataloguesAp...', Array)
#3 C:\CataloguesApi\vendor\illuminate\view\View.php(125): Illuminate\View\View->getContents()
#4 C:\CataloguesApi\vendor\illuminate\view\View.php(90): Illuminate\View\View->renderContents()
#5 C:\CataloguesApi\vendor\illuminate\http\Response.php(42): Illuminate\View\View->render()
#6 C:\CataloguesApi\vendor\symfony\http-foundation\Response.php(202): Illuminate\Http\Response->setContent(Object(Illuminate\View\View))
#7 C:\CataloguesApi\vendor\laravel\lumen-framework\src\Concerns\RoutesRequests.php(438): Symfony\Component\HttpFoundation\Response->__construct(Object(Illuminate\View\View))
#8 C:\CataloguesApi\vendor\laravel\lumen-framework\src\Concerns\RoutesRequests.php(378): Laravel\Lumen\Application->prepareResponse(Object(Illuminate\View\View))
#9 C:\CataloguesApi\vendor\laravel\lumen-framework\src\Concerns\RoutesRequests.php(344): Laravel\Lumen\Application->callControllerCallable(Array, Array)
#10 C:\CataloguesApi\vendor\laravel\lumen-framework\src\Concerns\RoutesRequests.php(318): Laravel\Lumen\Application->callLumenController(Object(App\Http\Controllers\CatalogueController), 'views', Array)
#11 C:\CataloguesApi\vendor\laravel\lumen-framework\src\Concerns\RoutesRequests.php(280): Laravel\Lumen\Application->callControllerAction(Array)
#12 C:\CataloguesApi\vendor\laravel\lumen-framework\src\Concerns\RoutesRequests.php(265): Laravel\Lumen\Application->callActionOnArrayBasedRoute(Array)
#13 C:\CataloguesApi\vendor\laravel\lumen-framework\src\Concerns\RoutesRequests.php(235): Laravel\Lumen\Application->handleFoundRoute(Array)
#14 C:\CataloguesApi\vendor\laravel\lumen-framework\src\Concerns\RoutesRequests.php(169): Laravel\Lumen\Application->handleDispatcherResponse(Array)
#15 C:\CataloguesApi\vendor\laravel\lumen-framework\src\Concerns\RoutesRequests.php(418): Laravel\Lumen\Application->Laravel\Lumen\Concerns\{closure}(Object(Laravel\Lumen\Http\Request))
#16 C:\CataloguesApi\vendor\laravel\lumen-framework\src\Concerns\RoutesRequests.php(171): Laravel\Lumen\Application->sendThroughPipeline(Array, Object(Closure))
#17 C:\CataloguesApi\vendor\laravel\lumen-framework\src\Concerns\RoutesRequests.php(108): Laravel\Lumen\Application->dispatch(NULL)
#18 C:\CataloguesApi\public\index.php(28): Laravel\Lumen\Application->run()
#19 {main}

Next ErrorException: Call to a member function where() on string (View: C:\CataloguesApi\resources\views\catalogue.blade.php) in C:\CataloguesApi\storage\framework\views\ea9a04258784e94635ca05481a7d502ac9f7afb4.php:26
Stack trace:
#0 C:\CataloguesApi\vendor\illuminate\view\Engines\PhpEngine.php(47): Illuminate\View\Engines\CompilerEngine->handleViewException(Object(Symfony\Component\Debug\Exception\FatalThrowableError), 1)
#1 C:\CataloguesApi\vendor\illuminate\view\Engines\CompilerEngine.php(59): Illuminate\View\Engines\PhpEngine->evaluatePath('C:\\CataloguesAp...', Array)
#2 C:\CataloguesApi\vendor\illuminate\view\View.php(142): Illuminate\View\Engines\CompilerEngine->get('C:\\CataloguesAp...', Array)
#3 C:\CataloguesApi\vendor\illuminate\view\View.php(125): Illuminate\View\View->getContents()
#4 C:\CataloguesApi\vendor\illuminate\view\View.php(90): Illuminate\View\View->renderContents()
#5 C:\CataloguesApi\vendor\illuminate\http\Response.php(42): Illuminate\View\View->render()
#6 C:\CataloguesApi\vendor\symfony\http-foundation\Response.php(202): Illuminate\Http\Response->setContent(Object(Illuminate\View\View))
#7 C:\CataloguesApi\vendor\laravel\lumen-framework\src\Concerns\RoutesRequests.php(438): Symfony\Component\HttpFoundation\Response->__construct(Object(Illuminate\View\View))
#8 C:\CataloguesApi\vendor\laravel\lumen-framework\src\Concerns\RoutesRequests.php(378): Laravel\Lumen\Application->prepareResponse(Object(Illuminate\View\View))
#9 C:\CataloguesApi\vendor\laravel\lumen-framework\src\Concerns\RoutesRequests.php(344): Laravel\Lumen\Application->callControllerCallable(Array, Array)
#10 C:\CataloguesApi\vendor\laravel\lumen-framework\src\Concerns\RoutesRequests.php(318): Laravel\Lumen\Application->callLumenController(Object(App\Http\Controllers\CatalogueController), 'views', Array)
#11 C:\CataloguesApi\vendor\laravel\lumen-framework\src\Concerns\RoutesRequests.php(280): Laravel\Lumen\Application->callControllerAction(Array)
#12 C:\CataloguesApi\vendor\laravel\lumen-framework\src\Concerns\RoutesRequests.php(265): Laravel\Lumen\Application->callActionOnArrayBasedRoute(Array)
#13 C:\CataloguesApi\vendor\laravel\lumen-framework\src\Concerns\RoutesRequests.php(235): Laravel\Lumen\Application->handleFoundRoute(Array)
#14 C:\CataloguesApi\vendor\laravel\lumen-framework\src\Concerns\RoutesRequests.php(169): Laravel\Lumen\Application->handleDispatcherResponse(Array)
#15 C:\CataloguesApi\vendor\laravel\lumen-framework\src\Concerns\RoutesRequests.php(418): Laravel\Lumen\Application->Laravel\Lumen\Concerns\{closure}(Object(Laravel\Lumen\Http\Request))
#16 C:\CataloguesApi\vendor\laravel\lumen-framework\src\Concerns\RoutesRequests.php(171): Laravel\Lumen\Application->sendThroughPipeline(Array, Object(Closure))
#17 C:\CataloguesApi\vendor\laravel\lumen-framework\src\Concerns\RoutesRequests.php(108): Laravel\Lumen\Application->dispatch(NULL)
#18 C:\CataloguesApi\public\index.php(28): Laravel\Lumen\Application->run()
#19 {main} {"exception":"[object] (ErrorException(code: 0): Call to a member function where() on string (View: C:\\CataloguesApi\esources\\views\\catalogue.blade.php) at C:\\CataloguesApi\\storage\\framework\\views\\ea9a04258784e94635ca05481a7d502ac9f7afb4.php:26, Symfony\\Component\\Debug\\Exception\\FatalThrowableError(code: 0): Call to a member function where() on string at C:\\CataloguesApi\\storage\\framework\\views\\ea9a04258784e94635ca05481a7d502ac9f7afb4.php:26)
[stacktrace]
#0 C:\\CataloguesApi\\vendor\\illuminate\\view\\Engines\\PhpEngine.php(47): Illuminate\\View\\Engines\\CompilerEngine->handleViewException(Object(Symfony\\Component\\Debug\\Exception\\FatalThrowableError), 1)
#1 C:\\CataloguesApi\\vendor\\illuminate\\view\\Engines\\CompilerEngine.php(59): Illuminate\\View\\Engines\\PhpEngine->evaluatePath('C:\\\\CataloguesAp...', Array)
#2 C:\\CataloguesApi\\vendor\\illuminate\\view\\View.php(142): Illuminate\\View\\Engines\\CompilerEngine->get('C:\\\\CataloguesAp...', Array)
#3 C:\\CataloguesApi\\vendor\\illuminate\\view\\View.php(125): Illuminate\\View\\View->getContents()
#4 C:\\CataloguesApi\\vendor\\illuminate\\view\\View.php(90): Illuminate\\View\\View->renderContents()
#5 C:\\CataloguesApi\\vendor\\illuminate\\http\\Response.php(42): Illuminate\\View\\View->render()
#6 C:\\CataloguesApi\\vendor\\symfony\\http-foundation\\Response.php(202): Illuminate\\Http\\Response->setContent(Object(Illuminate\\View\\View))
#7 C:\\CataloguesApi\\vendor\\laravel\\lumen-framework\\src\\Concerns\\RoutesRequests.php(438): Symfony\\Component\\HttpFoundation\\Response->__construct(Object(Illuminate\\View\\View))
#8 C:\\CataloguesApi\\vendor\\laravel\\lumen-framework\\src\\Concerns\\RoutesRequests.php(378): Laravel\\Lumen\\Application->prepareResponse(Object(Illuminate\\View\\View))
#9 C:\\CataloguesApi\\vendor\\laravel\\lumen-framework\\src\\Concerns\\RoutesRequests.php(344): Laravel\\Lumen\\Application->callControllerCallable(Array, Array)
#10 C:\\CataloguesApi\\vendor\\laravel\\lumen-framework\\src\\Concerns\\RoutesRequests.php(318): Laravel\\Lumen\\Application->callLumenController(Object(App\\Http\\Controllers\\CatalogueController), 'views', Array)
#11 C:\\CataloguesApi\\vendor\\laravel\\lumen-framework\\src\\Concerns\\RoutesRequests.php(280): Laravel\\Lumen\\Application->callControllerAction(Array)
#12 C:\\CataloguesApi\\vendor\\laravel\\lumen-framework\\src\\Concerns\\RoutesRequests.php(265): Laravel\\Lumen\\Application->callActionOnArrayBasedRoute(Array)
#13 C:\\CataloguesApi\\vendor\\laravel\\lumen-framework\\src\\Concerns\\RoutesRequests.php(235): Laravel\\Lumen\\Application->handleFoundRoute(Array)
#14 C:\\CataloguesApi\\vendor\\laravel\\lumen-framework\\src\\Concerns\\RoutesRequests.php(169): Laravel\\Lumen\\Application->handleDispatcherResponse(Array)
#15 C:\\CataloguesApi\\vendor\\laravel\\lumen-framework\\src\\Concerns\\RoutesRequests.php(418): Laravel\\Lumen\\Application->Laravel\\Lumen\\Concerns\\{closure}(Object(Laravel\\Lumen\\Http\\Request))
#16 C:\\CataloguesApi\\vendor\\laravel\\lumen-framework\\src\\Concerns\\RoutesRequests.php(171): Laravel\\Lumen\\Application->sendThroughPipeline(Array, Object(Closure))
#17 C:\\CataloguesApi\\vendor\\laravel\\lumen-framework\\src\\Concerns\\RoutesRequests.php(108): Laravel\\Lumen\\Application->dispatch(NULL)
#18 C:\\CataloguesApi\\public\\index.php(28): Laravel\\Lumen\\Application->run()
#19 {main}
"} 
[2020-01-09 13:36:42] local.ERROR: ErrorException: Undefined variable: catalogue in C:\CataloguesApi\app\Http\Controllers\CatalogueController.php:83
Stack trace:
#0 C:\CataloguesApi\app\Http\Controllers\CatalogueController.php(83): Laravel\Lumen\Application->Laravel\Lumen\Concerns\{closure}(8, 'Undefined varia...', 'C:\\CataloguesAp...', 83, Array)
#1 [internal function]: App\Http\Controllers\CatalogueController->show(Object(App\Catalogue))
#2 C:\CataloguesApi\vendor\illuminate\container\BoundMethod.php(29): call_user_func_array(Array, Array)
#3 C:\CataloguesApi\vendor\illuminate\container\BoundMethod.php(87): Illuminate\Container\BoundMethod::Illuminate\Container\{closure}()
#4 C:\CataloguesApi\vendor\illuminate\container\BoundMethod.php(31): Illuminate\Container\BoundMethod::callBoundMethod(Object(Laravel\Lumen\Application), Array, Object(Closure))
#5 C:\CataloguesApi\vendor\illuminate\container\Container.php(572): Illuminate\Container\BoundMethod::call(Object(Laravel\Lumen\Application), Array, Array, NULL)
#6 C:\CataloguesApi\vendor\laravel\lumen-framework\src\Concerns\RoutesRequests.php(378): Illuminate\Container\Container->call(Array, Array)
#7 C:\CataloguesApi\vendor\laravel\lumen-framework\src\Concerns\RoutesRequests.php(344): Laravel\Lumen\Application->callControllerCallable(Array, Array)
#8 C:\CataloguesApi\vendor\laravel\lumen-framework\src\Concerns\RoutesRequests.php(318): Laravel\Lumen\Application->callLumenController(Object(App\Http\Controllers\CatalogueController), 'show', Array)
#9 C:\CataloguesApi\vendor\laravel\lumen-framework\src\Concerns\RoutesRequests.php(280): Laravel\Lumen\Application->callControllerAction(Array)
#10 C:\CataloguesApi\vendor\laravel\lumen-framework\src\Concerns\RoutesRequests.php(265): Laravel\Lumen\Application->callActionOnArrayBasedRoute(Array)
#11 C:\CataloguesApi\vendor\laravel\lumen-framework\src\Concerns\RoutesRequests.php(235): Laravel\Lumen\Application->handleFoundRoute(Array)
#12 C:\CataloguesApi\vendor\laravel\lumen-framework\src\Concerns\RoutesRequests.php(169): Laravel\Lumen\Application->handleDispatcherResponse(Array)
#13 C:\CataloguesApi\vendor\laravel\lumen-framework\src\Concerns\RoutesRequests.php(418): Laravel\Lumen\Application->Laravel\Lumen\Concerns\{closure}(Object(Laravel\Lumen\Http\Request))
#14 C:\CataloguesApi\vendor\laravel\lumen-framework\src\Concerns\RoutesRequests.php(171): Laravel\Lumen\Application->sendThroughPipeline(Array, Object(Closure))
#15 C:\CataloguesApi\vendor\laravel\lumen-framework\src\Concerns\RoutesRequests.php(108): Laravel\Lumen\Application->dispatch(NULL)
#16 C:\CataloguesApi\public\index.php(28): Laravel\Lumen\Application->run()
#17 {main} {"exception":"[object] (ErrorException(code: 0): Undefined variable: catalogue at C:\\CataloguesApi\\app\\Http\\Controllers\\CatalogueController.php:83)
[stacktrace]
#0 C:\\CataloguesApi\\app\\Http\\Controllers\\CatalogueController.php(83): Laravel\\Lumen\\Application->Laravel\\Lumen\\Concerns\\{closure}(8, 'Undefined varia...', 'C:\\\\CataloguesAp...', 83, Array)
#1 [internal function]: App\\Http\\Controllers\\CatalogueController->show(Object(App\\Catalogue))
#2 C:\\CataloguesApi\\vendor\\illuminate\\container\\BoundMethod.php(29): call_user_func_array(Array, Array)
#3 C:\\CataloguesApi\\vendor\\illuminate\\container\\BoundMethod.php(87): Illuminate\\Container\\BoundMethod::Illuminate\\Container\\{closure}()
#4 C:\\CataloguesApi\\vendor\\illuminate\\container\\BoundMethod.php(31): Illuminate\\Container\\BoundMethod::callBoundMethod(Object(Laravel\\Lumen\\Application), Array, Object(Closure))
#5 C:\\CataloguesApi\\vendor\\illuminate\\container\\Container.php(572): Illuminate\\Container\\BoundMethod::call(Object(Laravel\\Lumen\\Application), Array, Array, NULL)
#6 C:\\CataloguesApi\\vendor\\laravel\\lumen-framework\\src\\Concerns\\RoutesRequests.php(378): Illuminate\\Container\\Container->call(Array, Array)
#7 C:\\CataloguesApi\\vendor\\laravel\\lumen-framework\\src\\Concerns\\RoutesRequests.php(344): Laravel\\Lumen\\Application->callControllerCallable(Array, Array)
#8 C:\\CataloguesApi\\vendor\\laravel\\lumen-framework\\src\\Concerns\\RoutesRequests.php(318): Laravel\\Lumen\\Application->callLumenController(Object(App\\Http\\Controllers\\CatalogueController), 'show', Array)
#9 C:\\CataloguesApi\\vendor\\laravel\\lumen-framework\\src\\Concerns\\RoutesRequests.php(280): Laravel\\Lumen\\Application->callControllerAction(Array)
#10 C:\\CataloguesApi\\vendor\\laravel\\lumen-framework\\src\\Concerns\\RoutesRequests.php(265): Laravel\\Lumen\\Application->callActionOnArrayBasedRoute(Array)
#11 C:\\CataloguesApi\\vendor\\laravel\\lumen-framework\\src\\Concerns\\RoutesRequests.php(235): Laravel\\Lumen\\Application->handleFoundRoute(Array)
#12 C:\\CataloguesApi\\vendor\\laravel\\lumen-framework\\src\\Concerns\\RoutesRequests.php(169): Laravel\\Lumen\\Application->handleDispatcherResponse(Array)
#13 C:\\CataloguesApi\\vendor\\laravel\\lumen-framework\\src\\Concerns\\RoutesRequests.php(418): Laravel\\Lumen\\Application->Laravel\\Lumen\\Concerns\\{closure}(Object(Laravel\\Lumen\\Http\\Request))
#14 C:\\CataloguesApi\\vendor\\laravel\\lumen-framework\\src\\Concerns\\RoutesRequests.php(171): Laravel\\Lumen\\Application->sendThroughPipeline(Array, Object(Closure))
#15 C:\\CataloguesApi\\vendor\\laravel\\lumen-framework\\src\\Concerns\\RoutesRequests.php(108): Laravel\\Lumen\\Application->dispatch(NULL)
#16 C:\\CataloguesApi\\public\\index.php(28): Laravel\\Lumen\\Application->run()
#17 {main}
"} 
