[2020-01-11 23:19:46] local.ERROR: ErrorException: Use of undefined constant Documentary - assumed 'Documentary' (this will throw an Error in a future version of PHP) in C:\MyFlix\CataloguesApi\storage\framework\views\104f002ff7630a9e0e358f097ed1b69998ce212f.php:29
Stack trace:
#0 C:\MyFlix\CataloguesApi\storage\framework\views\104f002ff7630a9e0e358f097ed1b69998ce212f.php(29): Laravel\Lumen\Application->Laravel\Lumen\Concerns\{closure}(2, 'Use of undefine...', 'C:\\MyFlix\\Catal...', 29, Array)
#1 C:\MyFlix\CataloguesApi\vendor\illuminate\view\Engines\PhpEngine.php(43): include('C:\\MyFlix\\Catal...')
#2 C:\MyFlix\CataloguesApi\vendor\illuminate\view\Engines\CompilerEngine.php(59): Illuminate\View\Engines\PhpEngine->evaluatePath('C:\\MyFlix\\Catal...', Array)
#3 C:\MyFlix\CataloguesApi\vendor\illuminate\view\View.php(142): Illuminate\View\Engines\CompilerEngine->get('C:\\MyFlix\\Catal...', Array)
#4 C:\MyFlix\CataloguesApi\vendor\illuminate\view\View.php(125): Illuminate\View\View->getContents()
#5 C:\MyFlix\CataloguesApi\vendor\illuminate\view\View.php(90): Illuminate\View\View->renderContents()
#6 C:\MyFlix\CataloguesApi\vendor\illuminate\http\Response.php(42): Illuminate\View\View->render()
#7 C:\MyFlix\CataloguesApi\vendor\symfony\http-foundation\Response.php(202): Illuminate\Http\Response->setContent(Object(Illuminate\View\View))
#8 C:\MyFlix\CataloguesApi\vendor\laravel\lumen-framework\src\Concerns\RoutesRequests.php(438): Symfony\Component\HttpFoundation\Response->__construct(Object(Illuminate\View\View))
#9 C:\MyFlix\CataloguesApi\vendor\laravel\lumen-framework\src\Concerns\RoutesRequests.php(378): Laravel\Lumen\Application->prepareResponse(Object(Illuminate\View\View))
#10 C:\MyFlix\CataloguesApi\vendor\laravel\lumen-framework\src\Concerns\RoutesRequests.php(344): Laravel\Lumen\Application->callControllerCallable(Array, Array)
#11 C:\MyFlix\CataloguesApi\vendor\laravel\lumen-framework\src\Concerns\RoutesRequests.php(318): Laravel\Lumen\Application->callLumenController(Object(App\Http\Controllers\CatalogueController), 'views', Array)
#12 C:\MyFlix\CataloguesApi\vendor\laravel\lumen-framework\src\Concerns\RoutesRequests.php(280): Laravel\Lumen\Application->callControllerAction(Array)
#13 C:\MyFlix\CataloguesApi\vendor\laravel\lumen-framework\src\Concerns\RoutesRequests.php(265): Laravel\Lumen\Application->callActionOnArrayBasedRoute(Array)
#14 C:\MyFlix\CataloguesApi\vendor\laravel\lumen-framework\src\Concerns\RoutesRequests.php(235): Laravel\Lumen\Application->handleFoundRoute(Array)
#15 C:\MyFlix\CataloguesApi\vendor\laravel\lumen-framework\src\Concerns\RoutesRequests.php(169): Laravel\Lumen\Application->handleDispatcherResponse(Array)
#16 C:\MyFlix\CataloguesApi\vendor\laravel\lumen-framework\src\Concerns\RoutesRequests.php(418): Laravel\Lumen\Application->Laravel\Lumen\Concerns\{closure}(Object(Laravel\Lumen\Http\Request))
#17 C:\MyFlix\CataloguesApi\vendor\laravel\lumen-framework\src\Concerns\RoutesRequests.php(171): Laravel\Lumen\Application->sendThroughPipeline(Array, Object(Closure))
#18 C:\MyFlix\CataloguesApi\vendor\laravel\lumen-framework\src\Concerns\RoutesRequests.php(108): Laravel\Lumen\Application->dispatch(NULL)
#19 C:\MyFlix\CataloguesApi\public\index.php(28): Laravel\Lumen\Application->run()
#20 {main}

Next ErrorException: Use of undefined constant Documentary - assumed 'Documentary' (this will throw an Error in a future version of PHP) (View: C:\MyFlix\CataloguesApi\resources\views\catalogue.blade.php) in C:\MyFlix\CataloguesApi\storage\framework\views\104f002ff7630a9e0e358f097ed1b69998ce212f.php:29
Stack trace:
#0 C:\MyFlix\CataloguesApi\vendor\illuminate\view\Engines\PhpEngine.php(45): Illuminate\View\Engines\CompilerEngine->handleViewException(Object(ErrorException), 1)
#1 C:\MyFlix\CataloguesApi\vendor\illuminate\view\Engines\CompilerEngine.php(59): Illuminate\View\Engines\PhpEngine->evaluatePath('C:\\MyFlix\\Catal...', Array)
#2 C:\MyFlix\CataloguesApi\vendor\illuminate\view\View.php(142): Illuminate\View\Engines\CompilerEngine->get('C:\\MyFlix\\Catal...', Array)
#3 C:\MyFlix\CataloguesApi\vendor\illuminate\view\View.php(125): Illuminate\View\View->getContents()
#4 C:\MyFlix\CataloguesApi\vendor\illuminate\view\View.php(90): Illuminate\View\View->renderContents()
#5 C:\MyFlix\CataloguesApi\vendor\illuminate\http\Response.php(42): Illuminate\View\View->render()
#6 C:\MyFlix\CataloguesApi\vendor\symfony\http-foundation\Response.php(202): Illuminate\Http\Response->setContent(Object(Illuminate\View\View))
#7 C:\MyFlix\CataloguesApi\vendor\laravel\lumen-framework\src\Concerns\RoutesRequests.php(438): Symfony\Component\HttpFoundation\Response->__construct(Object(Illuminate\View\View))
#8 C:\MyFlix\CataloguesApi\vendor\laravel\lumen-framework\src\Concerns\RoutesRequests.php(378): Laravel\Lumen\Application->prepareResponse(Object(Illuminate\View\View))
#9 C:\MyFlix\CataloguesApi\vendor\laravel\lumen-framework\src\Concerns\RoutesRequests.php(344): Laravel\Lumen\Application->callControllerCallable(Array, Array)
#10 C:\MyFlix\CataloguesApi\vendor\laravel\lumen-framework\src\Concerns\RoutesRequests.php(318): Laravel\Lumen\Application->callLumenController(Object(App\Http\Controllers\CatalogueController), 'views', Array)
#11 C:\MyFlix\CataloguesApi\vendor\laravel\lumen-framework\src\Concerns\RoutesRequests.php(280): Laravel\Lumen\Application->callControllerAction(Array)
#12 C:\MyFlix\CataloguesApi\vendor\laravel\lumen-framework\src\Concerns\RoutesRequests.php(265): Laravel\Lumen\Application->callActionOnArrayBasedRoute(Array)
#13 C:\MyFlix\CataloguesApi\vendor\laravel\lumen-framework\src\Concerns\RoutesRequests.php(235): Laravel\Lumen\Application->handleFoundRoute(Array)
#14 C:\MyFlix\CataloguesApi\vendor\laravel\lumen-framework\src\Concerns\RoutesRequests.php(169): Laravel\Lumen\Application->handleDispatcherResponse(Array)
#15 C:\MyFlix\CataloguesApi\vendor\laravel\lumen-framework\src\Concerns\RoutesRequests.php(418): Laravel\Lumen\Application->Laravel\Lumen\Concerns\{closure}(Object(Laravel\Lumen\Http\Request))
#16 C:\MyFlix\CataloguesApi\vendor\laravel\lumen-framework\src\Concerns\RoutesRequests.php(171): Laravel\Lumen\Application->sendThroughPipeline(Array, Object(Closure))
#17 C:\MyFlix\CataloguesApi\vendor\laravel\lumen-framework\src\Concerns\RoutesRequests.php(108): Laravel\Lumen\Application->dispatch(NULL)
#18 C:\MyFlix\CataloguesApi\public\index.php(28): Laravel\Lumen\Application->run()
#19 {main} {"exception":"[object] (ErrorException(code: 0): Use of undefined constant Documentary - assumed 'Documentary' (this will throw an Error in a future version of PHP) (View: C:\\MyFlix\\CataloguesApi\esources\\views\\catalogue.blade.php) at C:\\MyFlix\\CataloguesApi\\storage\\framework\\views\\104f002ff7630a9e0e358f097ed1b69998ce212f.php:29, ErrorException(code: 0): Use of undefined constant Documentary - assumed 'Documentary' (this will throw an Error in a future version of PHP) at C:\\MyFlix\\CataloguesApi\\storage\\framework\\views\\104f002ff7630a9e0e358f097ed1b69998ce212f.php:29)
[stacktrace]
#0 C:\\MyFlix\\CataloguesApi\\vendor\\illuminate\\view\\Engines\\PhpEngine.php(45): Illuminate\\View\\Engines\\CompilerEngine->handleViewException(Object(ErrorException), 1)
#1 C:\\MyFlix\\CataloguesApi\\vendor\\illuminate\\view\\Engines\\CompilerEngine.php(59): Illuminate\\View\\Engines\\PhpEngine->evaluatePath('C:\\\\MyFlix\\\\Catal...', Array)
#2 C:\\MyFlix\\CataloguesApi\\vendor\\illuminate\\view\\View.php(142): Illuminate\\View\\Engines\\CompilerEngine->get('C:\\\\MyFlix\\\\Catal...', Array)
#3 C:\\MyFlix\\CataloguesApi\\vendor\\illuminate\\view\\View.php(125): Illuminate\\View\\View->getContents()
#4 C:\\MyFlix\\CataloguesApi\\vendor\\illuminate\\view\\View.php(90): Illuminate\\View\\View->renderContents()
#5 C:\\MyFlix\\CataloguesApi\\vendor\\illuminate\\http\\Response.php(42): Illuminate\\View\\View->render()
#6 C:\\MyFlix\\CataloguesApi\\vendor\\symfony\\http-foundation\\Response.php(202): Illuminate\\Http\\Response->setContent(Object(Illuminate\\View\\View))
#7 C:\\MyFlix\\CataloguesApi\\vendor\\laravel\\lumen-framework\\src\\Concerns\\RoutesRequests.php(438): Symfony\\Component\\HttpFoundation\\Response->__construct(Object(Illuminate\\View\\View))
#8 C:\\MyFlix\\CataloguesApi\\vendor\\laravel\\lumen-framework\\src\\Concerns\\RoutesRequests.php(378): Laravel\\Lumen\\Application->prepareResponse(Object(Illuminate\\View\\View))
#9 C:\\MyFlix\\CataloguesApi\\vendor\\laravel\\lumen-framework\\src\\Concerns\\RoutesRequests.php(344): Laravel\\Lumen\\Application->callControllerCallable(Array, Array)
#10 C:\\MyFlix\\CataloguesApi\\vendor\\laravel\\lumen-framework\\src\\Concerns\\RoutesRequests.php(318): Laravel\\Lumen\\Application->callLumenController(Object(App\\Http\\Controllers\\CatalogueController), 'views', Array)
#11 C:\\MyFlix\\CataloguesApi\\vendor\\laravel\\lumen-framework\\src\\Concerns\\RoutesRequests.php(280): Laravel\\Lumen\\Application->callControllerAction(Array)
#12 C:\\MyFlix\\CataloguesApi\\vendor\\laravel\\lumen-framework\\src\\Concerns\\RoutesRequests.php(265): Laravel\\Lumen\\Application->callActionOnArrayBasedRoute(Array)
#13 C:\\MyFlix\\CataloguesApi\\vendor\\laravel\\lumen-framework\\src\\Concerns\\RoutesRequests.php(235): Laravel\\Lumen\\Application->handleFoundRoute(Array)
#14 C:\\MyFlix\\CataloguesApi\\vendor\\laravel\\lumen-framework\\src\\Concerns\\RoutesRequests.php(169): Laravel\\Lumen\\Application->handleDispatcherResponse(Array)
#15 C:\\MyFlix\\CataloguesApi\\vendor\\laravel\\lumen-framework\\src\\Concerns\\RoutesRequests.php(418): Laravel\\Lumen\\Application->Laravel\\Lumen\\Concerns\\{closure}(Object(Laravel\\Lumen\\Http\\Request))
#16 C:\\MyFlix\\CataloguesApi\\vendor\\laravel\\lumen-framework\\src\\Concerns\\RoutesRequests.php(171): Laravel\\Lumen\\Application->sendThroughPipeline(Array, Object(Closure))
#17 C:\\MyFlix\\CataloguesApi\\vendor\\laravel\\lumen-framework\\src\\Concerns\\RoutesRequests.php(108): Laravel\\Lumen\\Application->dispatch(NULL)
#18 C:\\MyFlix\\CataloguesApi\\public\\index.php(28): Laravel\\Lumen\\Application->run()
#19 {main}
"} 
[2020-01-11 23:20:02] local.ERROR: ErrorException: Use of undefined constant Documentary - assumed 'Documentary' (this will throw an Error in a future version of PHP) in C:\MyFlix\CataloguesApi\storage\framework\views\104f002ff7630a9e0e358f097ed1b69998ce212f.php:29
Stack trace:
#0 C:\MyFlix\CataloguesApi\storage\framework\views\104f002ff7630a9e0e358f097ed1b69998ce212f.php(29): Laravel\Lumen\Application->Laravel\Lumen\Concerns\{closure}(2, 'Use of undefine...', 'C:\\MyFlix\\Catal...', 29, Array)
#1 C:\MyFlix\CataloguesApi\vendor\illuminate\view\Engines\PhpEngine.php(43): include('C:\\MyFlix\\Catal...')
#2 C:\MyFlix\CataloguesApi\vendor\illuminate\view\Engines\CompilerEngine.php(59): Illuminate\View\Engines\PhpEngine->evaluatePath('C:\\MyFlix\\Catal...', Array)
#3 C:\MyFlix\CataloguesApi\vendor\illuminate\view\View.php(142): Illuminate\View\Engines\CompilerEngine->get('C:\\MyFlix\\Catal...', Array)
#4 C:\MyFlix\CataloguesApi\vendor\illuminate\view\View.php(125): Illuminate\View\View->getContents()
#5 C:\MyFlix\CataloguesApi\vendor\illuminate\view\View.php(90): Illuminate\View\View->renderContents()
#6 C:\MyFlix\CataloguesApi\vendor\illuminate\http\Response.php(42): Illuminate\View\View->render()
#7 C:\MyFlix\CataloguesApi\vendor\symfony\http-foundation\Response.php(202): Illuminate\Http\Response->setContent(Object(Illuminate\View\View))
#8 C:\MyFlix\CataloguesApi\vendor\laravel\lumen-framework\src\Concerns\RoutesRequests.php(438): Symfony\Component\HttpFoundation\Response->__construct(Object(Illuminate\View\View))
#9 C:\MyFlix\CataloguesApi\vendor\laravel\lumen-framework\src\Concerns\RoutesRequests.php(378): Laravel\Lumen\Application->prepareResponse(Object(Illuminate\View\View))
#10 C:\MyFlix\CataloguesApi\vendor\laravel\lumen-framework\src\Concerns\RoutesRequests.php(344): Laravel\Lumen\Application->callControllerCallable(Array, Array)
#11 C:\MyFlix\CataloguesApi\vendor\laravel\lumen-framework\src\Concerns\RoutesRequests.php(318): Laravel\Lumen\Application->callLumenController(Object(App\Http\Controllers\CatalogueController), 'views', Array)
#12 C:\MyFlix\CataloguesApi\vendor\laravel\lumen-framework\src\Concerns\RoutesRequests.php(280): Laravel\Lumen\Application->callControllerAction(Array)
#13 C:\MyFlix\CataloguesApi\vendor\laravel\lumen-framework\src\Concerns\RoutesRequests.php(265): Laravel\Lumen\Application->callActionOnArrayBasedRoute(Array)
#14 C:\MyFlix\CataloguesApi\vendor\laravel\lumen-framework\src\Concerns\RoutesRequests.php(235): Laravel\Lumen\Application->handleFoundRoute(Array)
#15 C:\MyFlix\CataloguesApi\vendor\laravel\lumen-framework\src\Concerns\RoutesRequests.php(169): Laravel\Lumen\Application->handleDispatcherResponse(Array)
#16 C:\MyFlix\CataloguesApi\vendor\laravel\lumen-framework\src\Concerns\RoutesRequests.php(418): Laravel\Lumen\Application->Laravel\Lumen\Concerns\{closure}(Object(Laravel\Lumen\Http\Request))
#17 C:\MyFlix\CataloguesApi\vendor\laravel\lumen-framework\src\Concerns\RoutesRequests.php(171): Laravel\Lumen\Application->sendThroughPipeline(Array, Object(Closure))
#18 C:\MyFlix\CataloguesApi\vendor\laravel\lumen-framework\src\Concerns\RoutesRequests.php(108): Laravel\Lumen\Application->dispatch(NULL)
#19 C:\MyFlix\CataloguesApi\public\index.php(28): Laravel\Lumen\Application->run()
#20 {main}

Next ErrorException: Use of undefined constant Documentary - assumed 'Documentary' (this will throw an Error in a future version of PHP) (View: C:\MyFlix\CataloguesApi\resources\views\catalogue.blade.php) in C:\MyFlix\CataloguesApi\storage\framework\views\104f002ff7630a9e0e358f097ed1b69998ce212f.php:29
Stack trace:
#0 C:\MyFlix\CataloguesApi\vendor\illuminate\view\Engines\PhpEngine.php(45): Illuminate\View\Engines\CompilerEngine->handleViewException(Object(ErrorException), 1)
#1 C:\MyFlix\CataloguesApi\vendor\illuminate\view\Engines\CompilerEngine.php(59): Illuminate\View\Engines\PhpEngine->evaluatePath('C:\\MyFlix\\Catal...', Array)
#2 C:\MyFlix\CataloguesApi\vendor\illuminate\view\View.php(142): Illuminate\View\Engines\CompilerEngine->get('C:\\MyFlix\\Catal...', Array)
#3 C:\MyFlix\CataloguesApi\vendor\illuminate\view\View.php(125): Illuminate\View\View->getContents()
#4 C:\MyFlix\CataloguesApi\vendor\illuminate\view\View.php(90): Illuminate\View\View->renderContents()
#5 C:\MyFlix\CataloguesApi\vendor\illuminate\http\Response.php(42): Illuminate\View\View->render()
#6 C:\MyFlix\CataloguesApi\vendor\symfony\http-foundation\Response.php(202): Illuminate\Http\Response->setContent(Object(Illuminate\View\View))
#7 C:\MyFlix\CataloguesApi\vendor\laravel\lumen-framework\src\Concerns\RoutesRequests.php(438): Symfony\Component\HttpFoundation\Response->__construct(Object(Illuminate\View\View))
#8 C:\MyFlix\CataloguesApi\vendor\laravel\lumen-framework\src\Concerns\RoutesRequests.php(378): Laravel\Lumen\Application->prepareResponse(Object(Illuminate\View\View))
#9 C:\MyFlix\CataloguesApi\vendor\laravel\lumen-framework\src\Concerns\RoutesRequests.php(344): Laravel\Lumen\Application->callControllerCallable(Array, Array)
#10 C:\MyFlix\CataloguesApi\vendor\laravel\lumen-framework\src\Concerns\RoutesRequests.php(318): Laravel\Lumen\Application->callLumenController(Object(App\Http\Controllers\CatalogueController), 'views', Array)
#11 C:\MyFlix\CataloguesApi\vendor\laravel\lumen-framework\src\Concerns\RoutesRequests.php(280): Laravel\Lumen\Application->callControllerAction(Array)
#12 C:\MyFlix\CataloguesApi\vendor\laravel\lumen-framework\src\Concerns\RoutesRequests.php(265): Laravel\Lumen\Application->callActionOnArrayBasedRoute(Array)
#13 C:\MyFlix\CataloguesApi\vendor\laravel\lumen-framework\src\Concerns\RoutesRequests.php(235): Laravel\Lumen\Application->handleFoundRoute(Array)
#14 C:\MyFlix\CataloguesApi\vendor\laravel\lumen-framework\src\Concerns\RoutesRequests.php(169): Laravel\Lumen\Application->handleDispatcherResponse(Array)
#15 C:\MyFlix\CataloguesApi\vendor\laravel\lumen-framework\src\Concerns\RoutesRequests.php(418): Laravel\Lumen\Application->Laravel\Lumen\Concerns\{closure}(Object(Laravel\Lumen\Http\Request))
#16 C:\MyFlix\CataloguesApi\vendor\laravel\lumen-framework\src\Concerns\RoutesRequests.php(171): Laravel\Lumen\Application->sendThroughPipeline(Array, Object(Closure))
#17 C:\MyFlix\CataloguesApi\vendor\laravel\lumen-framework\src\Concerns\RoutesRequests.php(108): Laravel\Lumen\Application->dispatch(NULL)
#18 C:\MyFlix\CataloguesApi\public\index.php(28): Laravel\Lumen\Application->run()
#19 {main} {"exception":"[object] (ErrorException(code: 0): Use of undefined constant Documentary - assumed 'Documentary' (this will throw an Error in a future version of PHP) (View: C:\\MyFlix\\CataloguesApi\esources\\views\\catalogue.blade.php) at C:\\MyFlix\\CataloguesApi\\storage\\framework\\views\\104f002ff7630a9e0e358f097ed1b69998ce212f.php:29, ErrorException(code: 0): Use of undefined constant Documentary - assumed 'Documentary' (this will throw an Error in a future version of PHP) at C:\\MyFlix\\CataloguesApi\\storage\\framework\\views\\104f002ff7630a9e0e358f097ed1b69998ce212f.php:29)
[stacktrace]
#0 C:\\MyFlix\\CataloguesApi\\vendor\\illuminate\\view\\Engines\\PhpEngine.php(45): Illuminate\\View\\Engines\\CompilerEngine->handleViewException(Object(ErrorException), 1)
#1 C:\\MyFlix\\CataloguesApi\\vendor\\illuminate\\view\\Engines\\CompilerEngine.php(59): Illuminate\\View\\Engines\\PhpEngine->evaluatePath('C:\\\\MyFlix\\\\Catal...', Array)
#2 C:\\MyFlix\\CataloguesApi\\vendor\\illuminate\\view\\View.php(142): Illuminate\\View\\Engines\\CompilerEngine->get('C:\\\\MyFlix\\\\Catal...', Array)
#3 C:\\MyFlix\\CataloguesApi\\vendor\\illuminate\\view\\View.php(125): Illuminate\\View\\View->getContents()
#4 C:\\MyFlix\\CataloguesApi\\vendor\\illuminate\\view\\View.php(90): Illuminate\\View\\View->renderContents()
#5 C:\\MyFlix\\CataloguesApi\\vendor\\illuminate\\http\\Response.php(42): Illuminate\\View\\View->render()
#6 C:\\MyFlix\\CataloguesApi\\vendor\\symfony\\http-foundation\\Response.php(202): Illuminate\\Http\\Response->setContent(Object(Illuminate\\View\\View))
#7 C:\\MyFlix\\CataloguesApi\\vendor\\laravel\\lumen-framework\\src\\Concerns\\RoutesRequests.php(438): Symfony\\Component\\HttpFoundation\\Response->__construct(Object(Illuminate\\View\\View))
#8 C:\\MyFlix\\CataloguesApi\\vendor\\laravel\\lumen-framework\\src\\Concerns\\RoutesRequests.php(378): Laravel\\Lumen\\Application->prepareResponse(Object(Illuminate\\View\\View))
#9 C:\\MyFlix\\CataloguesApi\\vendor\\laravel\\lumen-framework\\src\\Concerns\\RoutesRequests.php(344): Laravel\\Lumen\\Application->callControllerCallable(Array, Array)
#10 C:\\MyFlix\\CataloguesApi\\vendor\\laravel\\lumen-framework\\src\\Concerns\\RoutesRequests.php(318): Laravel\\Lumen\\Application->callLumenController(Object(App\\Http\\Controllers\\CatalogueController), 'views', Array)
#11 C:\\MyFlix\\CataloguesApi\\vendor\\laravel\\lumen-framework\\src\\Concerns\\RoutesRequests.php(280): Laravel\\Lumen\\Application->callControllerAction(Array)
#12 C:\\MyFlix\\CataloguesApi\\vendor\\laravel\\lumen-framework\\src\\Concerns\\RoutesRequests.php(265): Laravel\\Lumen\\Application->callActionOnArrayBasedRoute(Array)
#13 C:\\MyFlix\\CataloguesApi\\vendor\\laravel\\lumen-framework\\src\\Concerns\\RoutesRequests.php(235): Laravel\\Lumen\\Application->handleFoundRoute(Array)
#14 C:\\MyFlix\\CataloguesApi\\vendor\\laravel\\lumen-framework\\src\\Concerns\\RoutesRequests.php(169): Laravel\\Lumen\\Application->handleDispatcherResponse(Array)
#15 C:\\MyFlix\\CataloguesApi\\vendor\\laravel\\lumen-framework\\src\\Concerns\\RoutesRequests.php(418): Laravel\\Lumen\\Application->Laravel\\Lumen\\Concerns\\{closure}(Object(Laravel\\Lumen\\Http\\Request))
#16 C:\\MyFlix\\CataloguesApi\\vendor\\laravel\\lumen-framework\\src\\Concerns\\RoutesRequests.php(171): Laravel\\Lumen\\Application->sendThroughPipeline(Array, Object(Closure))
#17 C:\\MyFlix\\CataloguesApi\\vendor\\laravel\\lumen-framework\\src\\Concerns\\RoutesRequests.php(108): Laravel\\Lumen\\Application->dispatch(NULL)
#18 C:\\MyFlix\\CataloguesApi\\public\\index.php(28): Laravel\\Lumen\\Application->run()
#19 {main}
"} 
