[2020-01-07 21:39:25] local.ERROR: ErrorException: Undefined variable: catalogue in C:\CataloguesApi\storage\framework\views\ea9a04258784e94635ca05481a7d502ac9f7afb4.php:26
Stack trace:
#0 C:\CataloguesApi\storage\framework\views\ea9a04258784e94635ca05481a7d502ac9f7afb4.php(26): Laravel\Lumen\Application->Laravel\Lumen\Concerns\{closure}(8, 'Undefined varia...', 'C:\\CataloguesAp...', 26, Array)
#1 C:\CataloguesApi\vendor\illuminate\view\Engines\PhpEngine.php(43): include('C:\\CataloguesAp...')
#2 C:\CataloguesApi\vendor\illuminate\view\Engines\CompilerEngine.php(59): Illuminate\View\Engines\PhpEngine->evaluatePath('C:\\CataloguesAp...', Array)
#3 C:\CataloguesApi\vendor\illuminate\view\View.php(142): Illuminate\View\Engines\CompilerEngine->get('C:\\CataloguesAp...', Array)
#4 C:\CataloguesApi\vendor\illuminate\view\View.php(125): Illuminate\View\View->getContents()
#5 C:\CataloguesApi\vendor\illuminate\view\View.php(90): Illuminate\View\View->renderContents()
#6 C:\CataloguesApi\vendor\illuminate\http\Response.php(42): Illuminate\View\View->render()
#7 C:\CataloguesApi\vendor\symfony\http-foundation\Response.php(202): Illuminate\Http\Response->setContent(Object(Illuminate\View\View))
#8 C:\CataloguesApi\vendor\laravel\lumen-framework\src\Concerns\RoutesRequests.php(438): Symfony\Component\HttpFoundation\Response->__construct(Object(Illuminate\View\View))
#9 C:\CataloguesApi\vendor\laravel\lumen-framework\src\Concerns\RoutesRequests.php(291): Laravel\Lumen\Application->prepareResponse(Object(Illuminate\View\View))
#10 C:\CataloguesApi\vendor\laravel\lumen-framework\src\Concerns\RoutesRequests.php(265): Laravel\Lumen\Application->callActionOnArrayBasedRoute(Array)
#11 C:\CataloguesApi\vendor\laravel\lumen-framework\src\Concerns\RoutesRequests.php(165): Laravel\Lumen\Application->handleFoundRoute(Array)
#12 C:\CataloguesApi\vendor\laravel\lumen-framework\src\Concerns\RoutesRequests.php(418): Laravel\Lumen\Application->Laravel\Lumen\Concerns\{closure}(Object(Laravel\Lumen\Http\Request))
#13 C:\CataloguesApi\vendor\laravel\lumen-framework\src\Concerns\RoutesRequests.php(171): Laravel\Lumen\Application->sendThroughPipeline(Array, Object(Closure))
#14 C:\CataloguesApi\vendor\laravel\lumen-framework\src\Concerns\RoutesRequests.php(108): Laravel\Lumen\Application->dispatch(NULL)
#15 C:\CataloguesApi\public\index.php(28): Laravel\Lumen\Application->run()
#16 {main}

Next ErrorException: Undefined variable: catalogue (View: C:\CataloguesApi\resources\views\catalogue.blade.php) in C:\CataloguesApi\storage\framework\views\ea9a04258784e94635ca05481a7d502ac9f7afb4.php:26
Stack trace:
#0 C:\CataloguesApi\vendor\illuminate\view\Engines\PhpEngine.php(45): Illuminate\View\Engines\CompilerEngine->handleViewException(Object(ErrorException), 1)
#1 C:\CataloguesApi\vendor\illuminate\view\Engines\CompilerEngine.php(59): Illuminate\View\Engines\PhpEngine->evaluatePath('C:\\CataloguesAp...', Array)
#2 C:\CataloguesApi\vendor\illuminate\view\View.php(142): Illuminate\View\Engines\CompilerEngine->get('C:\\CataloguesAp...', Array)
#3 C:\CataloguesApi\vendor\illuminate\view\View.php(125): Illuminate\View\View->getContents()
#4 C:\CataloguesApi\vendor\illuminate\view\View.php(90): Illuminate\View\View->renderContents()
#5 C:\CataloguesApi\vendor\illuminate\http\Response.php(42): Illuminate\View\View->render()
#6 C:\CataloguesApi\vendor\symfony\http-foundation\Response.php(202): Illuminate\Http\Response->setContent(Object(Illuminate\View\View))
#7 C:\CataloguesApi\vendor\laravel\lumen-framework\src\Concerns\RoutesRequests.php(438): Symfony\Component\HttpFoundation\Response->__construct(Object(Illuminate\View\View))
#8 C:\CataloguesApi\vendor\laravel\lumen-framework\src\Concerns\RoutesRequests.php(291): Laravel\Lumen\Application->prepareResponse(Object(Illuminate\View\View))
#9 C:\CataloguesApi\vendor\laravel\lumen-framework\src\Concerns\RoutesRequests.php(265): Laravel\Lumen\Application->callActionOnArrayBasedRoute(Array)
#10 C:\CataloguesApi\vendor\laravel\lumen-framework\src\Concerns\RoutesRequests.php(165): Laravel\Lumen\Application->handleFoundRoute(Array)
#11 C:\CataloguesApi\vendor\laravel\lumen-framework\src\Concerns\RoutesRequests.php(418): Laravel\Lumen\Application->Laravel\Lumen\Concerns\{closure}(Object(Laravel\Lumen\Http\Request))
#12 C:\CataloguesApi\vendor\laravel\lumen-framework\src\Concerns\RoutesRequests.php(171): Laravel\Lumen\Application->sendThroughPipeline(Array, Object(Closure))
#13 C:\CataloguesApi\vendor\laravel\lumen-framework\src\Concerns\RoutesRequests.php(108): Laravel\Lumen\Application->dispatch(NULL)
#14 C:\CataloguesApi\public\index.php(28): Laravel\Lumen\Application->run()
#15 {main} {"exception":"[object] (ErrorException(code: 0): Undefined variable: catalogue (View: C:\\CataloguesApi\esources\\views\\catalogue.blade.php) at C:\\CataloguesApi\\storage\\framework\\views\\ea9a04258784e94635ca05481a7d502ac9f7afb4.php:26, ErrorException(code: 0): Undefined variable: catalogue at C:\\CataloguesApi\\storage\\framework\\views\\ea9a04258784e94635ca05481a7d502ac9f7afb4.php:26)
[stacktrace]
#0 C:\\CataloguesApi\\vendor\\illuminate\\view\\Engines\\PhpEngine.php(45): Illuminate\\View\\Engines\\CompilerEngine->handleViewException(Object(ErrorException), 1)
#1 C:\\CataloguesApi\\vendor\\illuminate\\view\\Engines\\CompilerEngine.php(59): Illuminate\\View\\Engines\\PhpEngine->evaluatePath('C:\\\\CataloguesAp...', Array)
#2 C:\\CataloguesApi\\vendor\\illuminate\\view\\View.php(142): Illuminate\\View\\Engines\\CompilerEngine->get('C:\\\\CataloguesAp...', Array)
#3 C:\\CataloguesApi\\vendor\\illuminate\\view\\View.php(125): Illuminate\\View\\View->getContents()
#4 C:\\CataloguesApi\\vendor\\illuminate\\view\\View.php(90): Illuminate\\View\\View->renderContents()
#5 C:\\CataloguesApi\\vendor\\illuminate\\http\\Response.php(42): Illuminate\\View\\View->render()
#6 C:\\CataloguesApi\\vendor\\symfony\\http-foundation\\Response.php(202): Illuminate\\Http\\Response->setContent(Object(Illuminate\\View\\View))
#7 C:\\CataloguesApi\\vendor\\laravel\\lumen-framework\\src\\Concerns\\RoutesRequests.php(438): Symfony\\Component\\HttpFoundation\\Response->__construct(Object(Illuminate\\View\\View))
#8 C:\\CataloguesApi\\vendor\\laravel\\lumen-framework\\src\\Concerns\\RoutesRequests.php(291): Laravel\\Lumen\\Application->prepareResponse(Object(Illuminate\\View\\View))
#9 C:\\CataloguesApi\\vendor\\laravel\\lumen-framework\\src\\Concerns\\RoutesRequests.php(265): Laravel\\Lumen\\Application->callActionOnArrayBasedRoute(Array)
#10 C:\\CataloguesApi\\vendor\\laravel\\lumen-framework\\src\\Concerns\\RoutesRequests.php(165): Laravel\\Lumen\\Application->handleFoundRoute(Array)
#11 C:\\CataloguesApi\\vendor\\laravel\\lumen-framework\\src\\Concerns\\RoutesRequests.php(418): Laravel\\Lumen\\Application->Laravel\\Lumen\\Concerns\\{closure}(Object(Laravel\\Lumen\\Http\\Request))
#12 C:\\CataloguesApi\\vendor\\laravel\\lumen-framework\\src\\Concerns\\RoutesRequests.php(171): Laravel\\Lumen\\Application->sendThroughPipeline(Array, Object(Closure))
#13 C:\\CataloguesApi\\vendor\\laravel\\lumen-framework\\src\\Concerns\\RoutesRequests.php(108): Laravel\\Lumen\\Application->dispatch(NULL)
#14 C:\\CataloguesApi\\public\\index.php(28): Laravel\\Lumen\\Application->run()
#15 {main}
"} 
[2020-01-07 21:55:43] local.ERROR: ErrorException: Undefined variable: catalogue in C:\CataloguesApi\storage\framework\views\ea9a04258784e94635ca05481a7d502ac9f7afb4.php:26
Stack trace:
#0 C:\CataloguesApi\storage\framework\views\ea9a04258784e94635ca05481a7d502ac9f7afb4.php(26): Laravel\Lumen\Application->Laravel\Lumen\Concerns\{closure}(8, 'Undefined varia...', 'C:\\CataloguesAp...', 26, Array)
#1 C:\CataloguesApi\vendor\illuminate\view\Engines\PhpEngine.php(43): include('C:\\CataloguesAp...')
#2 C:\CataloguesApi\vendor\illuminate\view\Engines\CompilerEngine.php(59): Illuminate\View\Engines\PhpEngine->evaluatePath('C:\\CataloguesAp...', Array)
#3 C:\CataloguesApi\vendor\illuminate\view\View.php(142): Illuminate\View\Engines\CompilerEngine->get('C:\\CataloguesAp...', Array)
#4 C:\CataloguesApi\vendor\illuminate\view\View.php(125): Illuminate\View\View->getContents()
#5 C:\CataloguesApi\vendor\illuminate\view\View.php(90): Illuminate\View\View->renderContents()
#6 C:\CataloguesApi\vendor\illuminate\http\Response.php(42): Illuminate\View\View->render()
#7 C:\CataloguesApi\vendor\symfony\http-foundation\Response.php(202): Illuminate\Http\Response->setContent(Object(Illuminate\View\View))
#8 C:\CataloguesApi\vendor\laravel\lumen-framework\src\Concerns\RoutesRequests.php(438): Symfony\Component\HttpFoundation\Response->__construct(Object(Illuminate\View\View))
#9 C:\CataloguesApi\vendor\laravel\lumen-framework\src\Concerns\RoutesRequests.php(291): Laravel\Lumen\Application->prepareResponse(Object(Illuminate\View\View))
#10 C:\CataloguesApi\vendor\laravel\lumen-framework\src\Concerns\RoutesRequests.php(265): Laravel\Lumen\Application->callActionOnArrayBasedRoute(Array)
#11 C:\CataloguesApi\vendor\laravel\lumen-framework\src\Concerns\RoutesRequests.php(165): Laravel\Lumen\Application->handleFoundRoute(Array)
#12 C:\CataloguesApi\vendor\laravel\lumen-framework\src\Concerns\RoutesRequests.php(418): Laravel\Lumen\Application->Laravel\Lumen\Concerns\{closure}(Object(Laravel\Lumen\Http\Request))
#13 C:\CataloguesApi\vendor\laravel\lumen-framework\src\Concerns\RoutesRequests.php(171): Laravel\Lumen\Application->sendThroughPipeline(Array, Object(Closure))
#14 C:\CataloguesApi\vendor\laravel\lumen-framework\src\Concerns\RoutesRequests.php(108): Laravel\Lumen\Application->dispatch(NULL)
#15 C:\CataloguesApi\public\index.php(28): Laravel\Lumen\Application->run()
#16 {main}

Next ErrorException: Undefined variable: catalogue (View: C:\CataloguesApi\resources\views\catalogue.blade.php) in C:\CataloguesApi\storage\framework\views\ea9a04258784e94635ca05481a7d502ac9f7afb4.php:26
Stack trace:
#0 C:\CataloguesApi\vendor\illuminate\view\Engines\PhpEngine.php(45): Illuminate\View\Engines\CompilerEngine->handleViewException(Object(ErrorException), 1)
#1 C:\CataloguesApi\vendor\illuminate\view\Engines\CompilerEngine.php(59): Illuminate\View\Engines\PhpEngine->evaluatePath('C:\\CataloguesAp...', Array)
#2 C:\CataloguesApi\vendor\illuminate\view\View.php(142): Illuminate\View\Engines\CompilerEngine->get('C:\\CataloguesAp...', Array)
#3 C:\CataloguesApi\vendor\illuminate\view\View.php(125): Illuminate\View\View->getContents()
#4 C:\CataloguesApi\vendor\illuminate\view\View.php(90): Illuminate\View\View->renderContents()
#5 C:\CataloguesApi\vendor\illuminate\http\Response.php(42): Illuminate\View\View->render()
#6 C:\CataloguesApi\vendor\symfony\http-foundation\Response.php(202): Illuminate\Http\Response->setContent(Object(Illuminate\View\View))
#7 C:\CataloguesApi\vendor\laravel\lumen-framework\src\Concerns\RoutesRequests.php(438): Symfony\Component\HttpFoundation\Response->__construct(Object(Illuminate\View\View))
#8 C:\CataloguesApi\vendor\laravel\lumen-framework\src\Concerns\RoutesRequests.php(291): Laravel\Lumen\Application->prepareResponse(Object(Illuminate\View\View))
#9 C:\CataloguesApi\vendor\laravel\lumen-framework\src\Concerns\RoutesRequests.php(265): Laravel\Lumen\Application->callActionOnArrayBasedRoute(Array)
#10 C:\CataloguesApi\vendor\laravel\lumen-framework\src\Concerns\RoutesRequests.php(165): Laravel\Lumen\Application->handleFoundRoute(Array)
#11 C:\CataloguesApi\vendor\laravel\lumen-framework\src\Concerns\RoutesRequests.php(418): Laravel\Lumen\Application->Laravel\Lumen\Concerns\{closure}(Object(Laravel\Lumen\Http\Request))
#12 C:\CataloguesApi\vendor\laravel\lumen-framework\src\Concerns\RoutesRequests.php(171): Laravel\Lumen\Application->sendThroughPipeline(Array, Object(Closure))
#13 C:\CataloguesApi\vendor\laravel\lumen-framework\src\Concerns\RoutesRequests.php(108): Laravel\Lumen\Application->dispatch(NULL)
#14 C:\CataloguesApi\public\index.php(28): Laravel\Lumen\Application->run()
#15 {main} {"exception":"[object] (ErrorException(code: 0): Undefined variable: catalogue (View: C:\\CataloguesApi\esources\\views\\catalogue.blade.php) at C:\\CataloguesApi\\storage\\framework\\views\\ea9a04258784e94635ca05481a7d502ac9f7afb4.php:26, ErrorException(code: 0): Undefined variable: catalogue at C:\\CataloguesApi\\storage\\framework\\views\\ea9a04258784e94635ca05481a7d502ac9f7afb4.php:26)
[stacktrace]
#0 C:\\CataloguesApi\\vendor\\illuminate\\view\\Engines\\PhpEngine.php(45): Illuminate\\View\\Engines\\CompilerEngine->handleViewException(Object(ErrorException), 1)
#1 C:\\CataloguesApi\\vendor\\illuminate\\view\\Engines\\CompilerEngine.php(59): Illuminate\\View\\Engines\\PhpEngine->evaluatePath('C:\\\\CataloguesAp...', Array)
#2 C:\\CataloguesApi\\vendor\\illuminate\\view\\View.php(142): Illuminate\\View\\Engines\\CompilerEngine->get('C:\\\\CataloguesAp...', Array)
#3 C:\\CataloguesApi\\vendor\\illuminate\\view\\View.php(125): Illuminate\\View\\View->getContents()
#4 C:\\CataloguesApi\\vendor\\illuminate\\view\\View.php(90): Illuminate\\View\\View->renderContents()
#5 C:\\CataloguesApi\\vendor\\illuminate\\http\\Response.php(42): Illuminate\\View\\View->render()
#6 C:\\CataloguesApi\\vendor\\symfony\\http-foundation\\Response.php(202): Illuminate\\Http\\Response->setContent(Object(Illuminate\\View\\View))
#7 C:\\CataloguesApi\\vendor\\laravel\\lumen-framework\\src\\Concerns\\RoutesRequests.php(438): Symfony\\Component\\HttpFoundation\\Response->__construct(Object(Illuminate\\View\\View))
#8 C:\\CataloguesApi\\vendor\\laravel\\lumen-framework\\src\\Concerns\\RoutesRequests.php(291): Laravel\\Lumen\\Application->prepareResponse(Object(Illuminate\\View\\View))
#9 C:\\CataloguesApi\\vendor\\laravel\\lumen-framework\\src\\Concerns\\RoutesRequests.php(265): Laravel\\Lumen\\Application->callActionOnArrayBasedRoute(Array)
#10 C:\\CataloguesApi\\vendor\\laravel\\lumen-framework\\src\\Concerns\\RoutesRequests.php(165): Laravel\\Lumen\\Application->handleFoundRoute(Array)
#11 C:\\CataloguesApi\\vendor\\laravel\\lumen-framework\\src\\Concerns\\RoutesRequests.php(418): Laravel\\Lumen\\Application->Laravel\\Lumen\\Concerns\\{closure}(Object(Laravel\\Lumen\\Http\\Request))
#12 C:\\CataloguesApi\\vendor\\laravel\\lumen-framework\\src\\Concerns\\RoutesRequests.php(171): Laravel\\Lumen\\Application->sendThroughPipeline(Array, Object(Closure))
#13 C:\\CataloguesApi\\vendor\\laravel\\lumen-framework\\src\\Concerns\\RoutesRequests.php(108): Laravel\\Lumen\\Application->dispatch(NULL)
#14 C:\\CataloguesApi\\public\\index.php(28): Laravel\\Lumen\\Application->run()
#15 {main}
"} 
[2020-01-07 22:35:08] local.ERROR: ErrorException: Undefined variable: catalogue in C:\CataloguesApi\storage\framework\views\ea9a04258784e94635ca05481a7d502ac9f7afb4.php:26
Stack trace:
#0 C:\CataloguesApi\storage\framework\views\ea9a04258784e94635ca05481a7d502ac9f7afb4.php(26): Laravel\Lumen\Application->Laravel\Lumen\Concerns\{closure}(8, 'Undefined varia...', 'C:\\CataloguesAp...', 26, Array)
#1 C:\CataloguesApi\vendor\illuminate\view\Engines\PhpEngine.php(43): include('C:\\CataloguesAp...')
#2 C:\CataloguesApi\vendor\illuminate\view\Engines\CompilerEngine.php(59): Illuminate\View\Engines\PhpEngine->evaluatePath('C:\\CataloguesAp...', Array)
#3 C:\CataloguesApi\vendor\illuminate\view\View.php(142): Illuminate\View\Engines\CompilerEngine->get('C:\\CataloguesAp...', Array)
#4 C:\CataloguesApi\vendor\illuminate\view\View.php(125): Illuminate\View\View->getContents()
#5 C:\CataloguesApi\vendor\illuminate\view\View.php(90): Illuminate\View\View->renderContents()
#6 C:\CataloguesApi\vendor\illuminate\http\Response.php(42): Illuminate\View\View->render()
#7 C:\CataloguesApi\vendor\symfony\http-foundation\Response.php(202): Illuminate\Http\Response->setContent(Object(Illuminate\View\View))
#8 C:\CataloguesApi\vendor\laravel\lumen-framework\src\Concerns\RoutesRequests.php(438): Symfony\Component\HttpFoundation\Response->__construct(Object(Illuminate\View\View))
#9 C:\CataloguesApi\vendor\laravel\lumen-framework\src\Concerns\RoutesRequests.php(291): Laravel\Lumen\Application->prepareResponse(Object(Illuminate\View\View))
#10 C:\CataloguesApi\vendor\laravel\lumen-framework\src\Concerns\RoutesRequests.php(265): Laravel\Lumen\Application->callActionOnArrayBasedRoute(Array)
#11 C:\CataloguesApi\vendor\laravel\lumen-framework\src\Concerns\RoutesRequests.php(165): Laravel\Lumen\Application->handleFoundRoute(Array)
#12 C:\CataloguesApi\vendor\laravel\lumen-framework\src\Concerns\RoutesRequests.php(418): Laravel\Lumen\Application->Laravel\Lumen\Concerns\{closure}(Object(Laravel\Lumen\Http\Request))
#13 C:\CataloguesApi\vendor\laravel\lumen-framework\src\Concerns\RoutesRequests.php(171): Laravel\Lumen\Application->sendThroughPipeline(Array, Object(Closure))
#14 C:\CataloguesApi\vendor\laravel\lumen-framework\src\Concerns\RoutesRequests.php(108): Laravel\Lumen\Application->dispatch(NULL)
#15 C:\CataloguesApi\public\index.php(28): Laravel\Lumen\Application->run()
#16 {main}

Next ErrorException: Undefined variable: catalogue (View: C:\CataloguesApi\resources\views\catalogue.blade.php) in C:\CataloguesApi\storage\framework\views\ea9a04258784e94635ca05481a7d502ac9f7afb4.php:26
Stack trace:
#0 C:\CataloguesApi\vendor\illuminate\view\Engines\PhpEngine.php(45): Illuminate\View\Engines\CompilerEngine->handleViewException(Object(ErrorException), 1)
#1 C:\CataloguesApi\vendor\illuminate\view\Engines\CompilerEngine.php(59): Illuminate\View\Engines\PhpEngine->evaluatePath('C:\\CataloguesAp...', Array)
#2 C:\CataloguesApi\vendor\illuminate\view\View.php(142): Illuminate\View\Engines\CompilerEngine->get('C:\\CataloguesAp...', Array)
#3 C:\CataloguesApi\vendor\illuminate\view\View.php(125): Illuminate\View\View->getContents()
#4 C:\CataloguesApi\vendor\illuminate\view\View.php(90): Illuminate\View\View->renderContents()
#5 C:\CataloguesApi\vendor\illuminate\http\Response.php(42): Illuminate\View\View->render()
#6 C:\CataloguesApi\vendor\symfony\http-foundation\Response.php(202): Illuminate\Http\Response->setContent(Object(Illuminate\View\View))
#7 C:\CataloguesApi\vendor\laravel\lumen-framework\src\Concerns\RoutesRequests.php(438): Symfony\Component\HttpFoundation\Response->__construct(Object(Illuminate\View\View))
#8 C:\CataloguesApi\vendor\laravel\lumen-framework\src\Concerns\RoutesRequests.php(291): Laravel\Lumen\Application->prepareResponse(Object(Illuminate\View\View))
#9 C:\CataloguesApi\vendor\laravel\lumen-framework\src\Concerns\RoutesRequests.php(265): Laravel\Lumen\Application->callActionOnArrayBasedRoute(Array)
#10 C:\CataloguesApi\vendor\laravel\lumen-framework\src\Concerns\RoutesRequests.php(165): Laravel\Lumen\Application->handleFoundRoute(Array)
#11 C:\CataloguesApi\vendor\laravel\lumen-framework\src\Concerns\RoutesRequests.php(418): Laravel\Lumen\Application->Laravel\Lumen\Concerns\{closure}(Object(Laravel\Lumen\Http\Request))
#12 C:\CataloguesApi\vendor\laravel\lumen-framework\src\Concerns\RoutesRequests.php(171): Laravel\Lumen\Application->sendThroughPipeline(Array, Object(Closure))
#13 C:\CataloguesApi\vendor\laravel\lumen-framework\src\Concerns\RoutesRequests.php(108): Laravel\Lumen\Application->dispatch(NULL)
#14 C:\CataloguesApi\public\index.php(28): Laravel\Lumen\Application->run()
#15 {main} {"exception":"[object] (ErrorException(code: 0): Undefined variable: catalogue (View: C:\\CataloguesApi\esources\\views\\catalogue.blade.php) at C:\\CataloguesApi\\storage\\framework\\views\\ea9a04258784e94635ca05481a7d502ac9f7afb4.php:26, ErrorException(code: 0): Undefined variable: catalogue at C:\\CataloguesApi\\storage\\framework\\views\\ea9a04258784e94635ca05481a7d502ac9f7afb4.php:26)
[stacktrace]
#0 C:\\CataloguesApi\\vendor\\illuminate\\view\\Engines\\PhpEngine.php(45): Illuminate\\View\\Engines\\CompilerEngine->handleViewException(Object(ErrorException), 1)
#1 C:\\CataloguesApi\\vendor\\illuminate\\view\\Engines\\CompilerEngine.php(59): Illuminate\\View\\Engines\\PhpEngine->evaluatePath('C:\\\\CataloguesAp...', Array)
#2 C:\\CataloguesApi\\vendor\\illuminate\\view\\View.php(142): Illuminate\\View\\Engines\\CompilerEngine->get('C:\\\\CataloguesAp...', Array)
#3 C:\\CataloguesApi\\vendor\\illuminate\\view\\View.php(125): Illuminate\\View\\View->getContents()
#4 C:\\CataloguesApi\\vendor\\illuminate\\view\\View.php(90): Illuminate\\View\\View->renderContents()
#5 C:\\CataloguesApi\\vendor\\illuminate\\http\\Response.php(42): Illuminate\\View\\View->render()
#6 C:\\CataloguesApi\\vendor\\symfony\\http-foundation\\Response.php(202): Illuminate\\Http\\Response->setContent(Object(Illuminate\\View\\View))
#7 C:\\CataloguesApi\\vendor\\laravel\\lumen-framework\\src\\Concerns\\RoutesRequests.php(438): Symfony\\Component\\HttpFoundation\\Response->__construct(Object(Illuminate\\View\\View))
#8 C:\\CataloguesApi\\vendor\\laravel\\lumen-framework\\src\\Concerns\\RoutesRequests.php(291): Laravel\\Lumen\\Application->prepareResponse(Object(Illuminate\\View\\View))
#9 C:\\CataloguesApi\\vendor\\laravel\\lumen-framework\\src\\Concerns\\RoutesRequests.php(265): Laravel\\Lumen\\Application->callActionOnArrayBasedRoute(Array)
#10 C:\\CataloguesApi\\vendor\\laravel\\lumen-framework\\src\\Concerns\\RoutesRequests.php(165): Laravel\\Lumen\\Application->handleFoundRoute(Array)
#11 C:\\CataloguesApi\\vendor\\laravel\\lumen-framework\\src\\Concerns\\RoutesRequests.php(418): Laravel\\Lumen\\Application->Laravel\\Lumen\\Concerns\\{closure}(Object(Laravel\\Lumen\\Http\\Request))
#12 C:\\CataloguesApi\\vendor\\laravel\\lumen-framework\\src\\Concerns\\RoutesRequests.php(171): Laravel\\Lumen\\Application->sendThroughPipeline(Array, Object(Closure))
#13 C:\\CataloguesApi\\vendor\\laravel\\lumen-framework\\src\\Concerns\\RoutesRequests.php(108): Laravel\\Lumen\\Application->dispatch(NULL)
#14 C:\\CataloguesApi\\public\\index.php(28): Laravel\\Lumen\\Application->run()
#15 {main}
"} 
